2018-11-24 17:03:11.040 INFO  [background-preinit] org.hibernate.validator.internal.util.Version.<clinit>:30 -HV000001: Hibernate Validator 5.3.5.Final
2018-11-24 17:03:11.046 INFO  [main] o.s.b.c.e.AnnotationConfigEmbeddedWebApplicationContext.prepareRefresh:583 -Refreshing org.springframework.boot.context.embedded.AnnotationConfigEmbeddedWebApplicationContext@4dcbadb4: startup date [Sat Nov 24 17:03:11 CST 2018]; root of context hierarchy
2018-11-24 17:03:12.618 INFO  [main] o.s.beans.factory.xml.XmlBeanDefinitionReader.loadBeanDefinitions:317 -Loading XML bean definitions from class path resource [druid-bean.xml]
2018-11-24 17:03:13.196 INFO  [main] o.s.d.repository.config.RepositoryConfigurationDelegate.multipleStoresDetected:165 -Multiple Spring Data modules found, entering strict repository configuration mode!
2018-11-24 17:03:16.906 INFO  [main] o.s.b.c.embedded.tomcat.TomcatEmbeddedServletContainer.initialize:89 -Tomcat initialized with port(s): 8080 (http)
2018-11-24 17:03:16.934 INFO  [main] org.apache.catalina.core.StandardService.log:179 -Starting service [Tomcat]
2018-11-24 17:03:16.942 INFO  [main] org.apache.catalina.core.StandardEngine.log:179 -Starting Servlet Engine: Apache Tomcat/8.5.23
2018-11-24 17:03:17.204 INFO  [localhost-startStop-1] o.a.c.core.ContainerBase.[Tomcat].[localhost].[/tgc].log:179 -Initializing Spring embedded WebApplicationContext
2018-11-24 17:03:17.208 INFO  [localhost-startStop-1] org.springframework.web.context.ContextLoader.prepareEmbeddedWebApplicationContext:276 -Root WebApplicationContext: initialization completed in 6161 ms
2018-11-24 17:03:18.043 INFO  [localhost-startStop-1] o.s.boot.web.servlet.ServletRegistrationBean.onStartup:190 -Mapping servlet: 'statViewServlet' to [/druid/*]
2018-11-24 17:03:18.063 INFO  [localhost-startStop-1] o.s.boot.web.servlet.ServletRegistrationBean.onStartup:190 -Mapping servlet: 'dispatcherServlet' to [/]
2018-11-24 17:03:18.081 INFO  [localhost-startStop-1] o.s.boot.web.servlet.FilterRegistrationBean.configure:258 -Mapping filter: 'characterEncodingFilter' to: [/*]
2018-11-24 17:03:18.087 INFO  [localhost-startStop-1] o.s.boot.web.servlet.FilterRegistrationBean.configure:258 -Mapping filter: 'springSessionRepositoryFilter' to: [/*]
2018-11-24 17:03:18.093 INFO  [localhost-startStop-1] o.s.boot.web.servlet.FilterRegistrationBean.configure:258 -Mapping filter: 'hiddenHttpMethodFilter' to: [/*]
2018-11-24 17:03:18.098 INFO  [localhost-startStop-1] o.s.boot.web.servlet.FilterRegistrationBean.configure:258 -Mapping filter: 'httpPutFormContentFilter' to: [/*]
2018-11-24 17:03:18.101 INFO  [localhost-startStop-1] o.s.boot.web.servlet.FilterRegistrationBean.configure:258 -Mapping filter: 'requestContextFilter' to: [/*]
2018-11-24 17:03:18.106 INFO  [localhost-startStop-1] o.s.boot.web.servlet.FilterRegistrationBean.configure:271 -Mapping filter: 'webStatFilter' to urls: [/*]
2018-11-24 17:03:21.060 INFO  [main] o.s.w.s.m.method.annotation.RequestMappingHandlerAdapter.initControllerAdviceCache:534 -Looking for @ControllerAdvice: org.springframework.boot.context.embedded.AnnotationConfigEmbeddedWebApplicationContext@4dcbadb4: startup date [Sat Nov 24 17:03:11 CST 2018]; root of context hierarchy
2018-11-24 17:03:21.288 INFO  [main] o.s.w.s.m.method.annotation.RequestMappingHandlerMapping.register:543 -Mapped "{[/index]}" onto public java.lang.String com.tgc.controller.IndexController.index()
2018-11-24 17:03:21.294 INFO  [main] o.s.w.s.m.method.annotation.RequestMappingHandlerMapping.register:543 -Mapped "{[/getValue]}" onto public java.lang.String com.tgc.controller.IndexController.getValue()
2018-11-24 17:03:21.302 INFO  [main] o.s.w.s.m.method.annotation.RequestMappingHandlerMapping.register:543 -Mapped "{[/login/do_login]}" onto public com.tgc.controller.result.Result<java.lang.String> com.tgc.controller.LoginController.doLogin(javax.servlet.http.HttpServletRequest,javax.servlet.http.HttpServletResponse,com.tgc.entity.User)
2018-11-24 17:03:21.311 INFO  [main] o.s.w.s.m.method.annotation.RequestMappingHandlerMapping.register:543 -Mapped "{[/login/to_login]}" onto public java.lang.String com.tgc.controller.LoginController.toLogin()
2018-11-24 17:03:21.318 INFO  [main] o.s.w.s.m.method.annotation.RequestMappingHandlerMapping.register:543 -Mapped "{[/login/logout]}" onto public java.lang.String com.tgc.controller.LoginController.logout(javax.servlet.http.HttpServletRequest,javax.servlet.http.HttpServletResponse)
2018-11-24 17:03:21.329 INFO  [main] o.s.w.s.m.method.annotation.RequestMappingHandlerMapping.register:543 -Mapped "{[/user/list]}" onto public org.springframework.web.servlet.ModelAndView com.tgc.controller.UserController.list()
2018-11-24 17:03:21.336 INFO  [main] o.s.w.s.m.method.annotation.RequestMappingHandlerMapping.register:543 -Mapped "{[/user/findByName]}" onto public com.tgc.entity.User com.tgc.controller.UserController.findByName(java.lang.String)
2018-11-24 17:03:21.342 INFO  [main] o.s.w.s.m.method.annotation.RequestMappingHandlerMapping.register:543 -Mapped "{[/user/clearCacheAll]}" onto public java.lang.String com.tgc.controller.UserController.clearCacheAll(java.lang.String)
2018-11-24 17:03:21.348 INFO  [main] o.s.w.s.m.method.annotation.RequestMappingHandlerMapping.register:543 -Mapped "{[/user/createUser]}" onto public java.lang.String com.tgc.controller.UserController.createUser(java.lang.String,java.lang.Integer)
2018-11-24 17:03:21.353 INFO  [main] o.s.w.s.m.method.annotation.RequestMappingHandlerMapping.register:543 -Mapped "{[/user/testRedisCache]}" onto public java.lang.String com.tgc.controller.UserController.testRedisCache(java.lang.String)
2018-11-24 17:03:21.361 INFO  [main] o.s.w.s.m.method.annotation.RequestMappingHandlerMapping.register:543 -Mapped "{[/error]}" onto public org.springframework.http.ResponseEntity<java.util.Map<java.lang.String, java.lang.Object>> org.springframework.boot.autoconfigure.web.BasicErrorController.error(javax.servlet.http.HttpServletRequest)
2018-11-24 17:03:21.368 INFO  [main] o.s.w.s.m.method.annotation.RequestMappingHandlerMapping.register:543 -Mapped "{[/error],produces=[text/html]}" onto public org.springframework.web.servlet.ModelAndView org.springframework.boot.autoconfigure.web.BasicErrorController.errorHtml(javax.servlet.http.HttpServletRequest,javax.servlet.http.HttpServletResponse)
2018-11-24 17:03:21.450 INFO  [main] o.s.web.servlet.handler.SimpleUrlHandlerMapping.registerHandler:362 -Mapped URL path [/webjars/**] onto handler of type [class org.springframework.web.servlet.resource.ResourceHttpRequestHandler]
2018-11-24 17:03:21.455 INFO  [main] o.s.web.servlet.handler.SimpleUrlHandlerMapping.registerHandler:362 -Mapped URL path [/**] onto handler of type [class org.springframework.web.servlet.resource.ResourceHttpRequestHandler]
2018-11-24 17:03:21.509 INFO  [main] o.s.w.s.m.m.annotation.ExceptionHandlerExceptionResolver.initExceptionHandlerAdviceCache:273 -Detected @ExceptionHandler methods in globalExceptionHandler
2018-11-24 17:03:21.585 INFO  [main] o.s.web.servlet.handler.SimpleUrlHandlerMapping.registerHandler:362 -Mapped URL path [/**/favicon.ico] onto handler of type [class org.springframework.web.servlet.resource.ResourceHttpRequestHandler]
2018-11-24 17:03:21.803 WARN  [main] org.thymeleaf.templatemode.TemplateMode.parse:150 -[THYMELEAF][main] Template Mode 'HTML5' is deprecated. Using Template Mode 'HTML' instead.
2018-11-24 17:03:23.377 INFO  [main] o.s.jmx.export.annotation.AnnotationMBeanExporter.afterSingletonsInstantiated:431 -Registering beans for JMX exposure on startup
2018-11-24 17:03:23.383 INFO  [main] o.s.jmx.export.annotation.AnnotationMBeanExporter.autodetect:916 -Bean with name 'dataSourceOne' has been autodetected for JMX exposure
2018-11-24 17:03:23.397 INFO  [main] o.s.jmx.export.annotation.AnnotationMBeanExporter.registerBeanInstance:671 -Located MBean 'dataSourceOne': registering with JMX server as MBean [com.alibaba.druid.pool:name=dataSourceOne,type=DruidDataSource]
2018-11-24 17:03:23.424 INFO  [main] o.s.context.support.DefaultLifecycleProcessor.start:343 -Starting beans in phase 2147483647
2018-11-24 17:03:23.454 INFO  [main] o.s.s.annotation.ScheduledAnnotationBeanPostProcessor.finishRegistration:262 -No TaskScheduler/ScheduledExecutorService bean found for scheduled processing
2018-11-24 17:03:23.536 INFO  [main] org.apache.coyote.http11.Http11NioProtocol.log:179 -Initializing ProtocolHandler ["http-nio-8080"]
2018-11-24 17:03:23.594 INFO  [main] org.apache.coyote.http11.Http11NioProtocol.log:179 -Starting ProtocolHandler ["http-nio-8080"]
2018-11-24 17:03:23.616 INFO  [main] org.apache.tomcat.util.net.NioSelectorPool.log:179 -Using a shared selector for servlet write/read
2018-11-24 17:03:23.688 INFO  [main] o.s.b.c.embedded.tomcat.TomcatEmbeddedServletContainer.start:201 -Tomcat started on port(s): 8080 (http)
2018-11-24 17:14:36.005 INFO  [background-preinit] org.hibernate.validator.internal.util.Version.<clinit>:30 -HV000001: Hibernate Validator 5.3.5.Final
2018-11-24 17:14:36.854 INFO  [main] o.s.b.c.e.AnnotationConfigEmbeddedWebApplicationContext.prepareRefresh:583 -Refreshing org.springframework.boot.context.embedded.AnnotationConfigEmbeddedWebApplicationContext@4dcbadb4: startup date [Sat Nov 24 17:14:36 CST 2018]; root of context hierarchy
2018-11-24 17:14:38.834 INFO  [background-preinit] org.hibernate.validator.internal.util.Version.<clinit>:30 -HV000001: Hibernate Validator 5.3.5.Final
2018-11-24 17:14:38.909 INFO  [main] o.s.b.c.e.AnnotationConfigEmbeddedWebApplicationContext.prepareRefresh:583 -Refreshing org.springframework.boot.context.embedded.AnnotationConfigEmbeddedWebApplicationContext@4dcbadb4: startup date [Sat Nov 24 17:14:38 CST 2018]; root of context hierarchy
2018-11-24 17:14:40.058 INFO  [main] o.s.beans.factory.xml.XmlBeanDefinitionReader.loadBeanDefinitions:317 -Loading XML bean definitions from class path resource [druid-bean.xml]
2018-11-24 17:14:41.776 INFO  [main] o.s.d.repository.config.RepositoryConfigurationDelegate.multipleStoresDetected:165 -Multiple Spring Data modules found, entering strict repository configuration mode!
2018-11-24 17:14:42.181 INFO  [main] o.s.beans.factory.xml.XmlBeanDefinitionReader.loadBeanDefinitions:317 -Loading XML bean definitions from class path resource [druid-bean.xml]
2018-11-24 17:14:43.849 INFO  [main] o.s.d.repository.config.RepositoryConfigurationDelegate.multipleStoresDetected:165 -Multiple Spring Data modules found, entering strict repository configuration mode!
2018-11-24 17:14:47.903 INFO  [background-preinit] org.hibernate.validator.internal.util.Version.<clinit>:30 -HV000001: Hibernate Validator 5.3.5.Final
2018-11-24 17:14:49.439 INFO  [main] o.s.b.c.e.AnnotationConfigEmbeddedWebApplicationContext.prepareRefresh:583 -Refreshing org.springframework.boot.context.embedded.AnnotationConfigEmbeddedWebApplicationContext@4dcbadb4: startup date [Sat Nov 24 17:14:49 CST 2018]; root of context hierarchy
2018-11-24 17:14:52.021 INFO  [main] o.s.b.c.embedded.tomcat.TomcatEmbeddedServletContainer.initialize:89 -Tomcat initialized with port(s): 8081 (http)
2018-11-24 17:14:52.088 INFO  [main] org.apache.catalina.core.StandardService.log:179 -Starting service [Tomcat]
2018-11-24 17:14:52.118 INFO  [main] org.apache.catalina.core.StandardEngine.log:179 -Starting Servlet Engine: Apache Tomcat/8.5.23
2018-11-24 17:14:52.229 INFO  [main] o.s.b.c.embedded.tomcat.TomcatEmbeddedServletContainer.initialize:89 -Tomcat initialized with port(s): 8080 (http)
2018-11-24 17:14:52.386 INFO  [main] org.apache.catalina.core.StandardService.log:179 -Starting service [Tomcat]
2018-11-24 17:14:52.432 INFO  [main] org.apache.catalina.core.StandardEngine.log:179 -Starting Servlet Engine: Apache Tomcat/8.5.23
2018-11-24 17:14:52.780 INFO  [localhost-startStop-1] o.a.c.core.ContainerBase.[Tomcat].[localhost].[/tgc].log:179 -Initializing Spring embedded WebApplicationContext
2018-11-24 17:14:52.784 INFO  [localhost-startStop-1] org.springframework.web.context.ContextLoader.prepareEmbeddedWebApplicationContext:276 -Root WebApplicationContext: initialization completed in 13875 ms
2018-11-24 17:14:53.696 INFO  [localhost-startStop-1] o.s.boot.web.servlet.ServletRegistrationBean.onStartup:190 -Mapping servlet: 'statViewServlet' to [/druid/*]
2018-11-24 17:14:53.703 INFO  [localhost-startStop-1] o.s.boot.web.servlet.ServletRegistrationBean.onStartup:190 -Mapping servlet: 'dispatcherServlet' to [/]
2018-11-24 17:14:53.723 INFO  [localhost-startStop-1] o.s.boot.web.servlet.FilterRegistrationBean.configure:258 -Mapping filter: 'characterEncodingFilter' to: [/*]
2018-11-24 17:14:53.727 INFO  [localhost-startStop-1] o.s.boot.web.servlet.FilterRegistrationBean.configure:258 -Mapping filter: 'springSessionRepositoryFilter' to: [/*]
2018-11-24 17:14:53.765 INFO  [localhost-startStop-1] o.s.boot.web.servlet.FilterRegistrationBean.configure:258 -Mapping filter: 'hiddenHttpMethodFilter' to: [/*]
2018-11-24 17:14:53.769 INFO  [localhost-startStop-1] o.s.boot.web.servlet.FilterRegistrationBean.configure:258 -Mapping filter: 'httpPutFormContentFilter' to: [/*]
2018-11-24 17:14:53.774 INFO  [localhost-startStop-1] o.s.boot.web.servlet.FilterRegistrationBean.configure:258 -Mapping filter: 'requestContextFilter' to: [/*]
2018-11-24 17:14:53.780 INFO  [localhost-startStop-1] o.s.boot.web.servlet.FilterRegistrationBean.configure:271 -Mapping filter: 'webStatFilter' to urls: [/*]
2018-11-24 17:14:54.015 INFO  [main] o.s.beans.factory.xml.XmlBeanDefinitionReader.loadBeanDefinitions:317 -Loading XML bean definitions from class path resource [druid-bean.xml]
2018-11-24 17:14:54.198 INFO  [localhost-startStop-1] o.a.c.core.ContainerBase.[Tomcat].[localhost].[/tgc].log:179 -Initializing Spring embedded WebApplicationContext
2018-11-24 17:14:54.347 INFO  [localhost-startStop-1] org.springframework.web.context.ContextLoader.prepareEmbeddedWebApplicationContext:276 -Root WebApplicationContext: initialization completed in 17493 ms
2018-11-24 17:14:58.460 INFO  [main] o.s.w.s.m.method.annotation.RequestMappingHandlerAdapter.initControllerAdviceCache:534 -Looking for @ControllerAdvice: org.springframework.boot.context.embedded.AnnotationConfigEmbeddedWebApplicationContext@4dcbadb4: startup date [Sat Nov 24 17:14:38 CST 2018]; root of context hierarchy
2018-11-24 17:14:58.916 INFO  [main] o.s.w.s.m.method.annotation.RequestMappingHandlerMapping.register:543 -Mapped "{[/index]}" onto public java.lang.String com.tgc.controller.IndexController.index()
2018-11-24 17:14:58.923 INFO  [main] o.s.w.s.m.method.annotation.RequestMappingHandlerMapping.register:543 -Mapped "{[/getValue]}" onto public java.lang.String com.tgc.controller.IndexController.getValue()
2018-11-24 17:14:58.931 INFO  [main] o.s.w.s.m.method.annotation.RequestMappingHandlerMapping.register:543 -Mapped "{[/login/logout]}" onto public java.lang.String com.tgc.controller.LoginController.logout(javax.servlet.http.HttpServletRequest,javax.servlet.http.HttpServletResponse)
2018-11-24 17:14:58.938 INFO  [main] o.s.w.s.m.method.annotation.RequestMappingHandlerMapping.register:543 -Mapped "{[/login/to_login]}" onto public java.lang.String com.tgc.controller.LoginController.toLogin()
2018-11-24 17:14:58.945 INFO  [main] o.s.w.s.m.method.annotation.RequestMappingHandlerMapping.register:543 -Mapped "{[/login/do_login]}" onto public com.tgc.controller.result.Result<java.lang.String> com.tgc.controller.LoginController.doLogin(javax.servlet.http.HttpServletRequest,javax.servlet.http.HttpServletResponse,com.tgc.entity.User)
2018-11-24 17:14:58.957 INFO  [main] o.s.w.s.m.method.annotation.RequestMappingHandlerMapping.register:543 -Mapped "{[/user/list]}" onto public org.springframework.web.servlet.ModelAndView com.tgc.controller.UserController.list()
2018-11-24 17:14:58.963 INFO  [main] o.s.w.s.m.method.annotation.RequestMappingHandlerMapping.register:543 -Mapped "{[/user/createUser]}" onto public java.lang.String com.tgc.controller.UserController.createUser(java.lang.String,java.lang.Integer)
2018-11-24 17:14:58.971 INFO  [main] o.s.w.s.m.method.annotation.RequestMappingHandlerMapping.register:543 -Mapped "{[/user/testRedisCache]}" onto public java.lang.String com.tgc.controller.UserController.testRedisCache(java.lang.String)
2018-11-24 17:14:58.978 INFO  [main] o.s.w.s.m.method.annotation.RequestMappingHandlerMapping.register:543 -Mapped "{[/user/clearCacheAll]}" onto public java.lang.String com.tgc.controller.UserController.clearCacheAll(java.lang.String)
2018-11-24 17:14:58.985 INFO  [main] o.s.w.s.m.method.annotation.RequestMappingHandlerMapping.register:543 -Mapped "{[/user/findByName]}" onto public com.tgc.entity.User com.tgc.controller.UserController.findByName(java.lang.String)
2018-11-24 17:14:58.994 INFO  [main] o.s.w.s.m.method.annotation.RequestMappingHandlerMapping.register:543 -Mapped "{[/error]}" onto public org.springframework.http.ResponseEntity<java.util.Map<java.lang.String, java.lang.Object>> org.springframework.boot.autoconfigure.web.BasicErrorController.error(javax.servlet.http.HttpServletRequest)
2018-11-24 17:14:59.003 INFO  [main] o.s.w.s.m.method.annotation.RequestMappingHandlerMapping.register:543 -Mapped "{[/error],produces=[text/html]}" onto public org.springframework.web.servlet.ModelAndView org.springframework.boot.autoconfigure.web.BasicErrorController.errorHtml(javax.servlet.http.HttpServletRequest,javax.servlet.http.HttpServletResponse)
2018-11-24 17:14:59.140 INFO  [main] o.s.web.servlet.handler.SimpleUrlHandlerMapping.registerHandler:362 -Mapped URL path [/webjars/**] onto handler of type [class org.springframework.web.servlet.resource.ResourceHttpRequestHandler]
2018-11-24 17:14:59.188 INFO  [main] o.s.web.servlet.handler.SimpleUrlHandlerMapping.registerHandler:362 -Mapped URL path [/**] onto handler of type [class org.springframework.web.servlet.resource.ResourceHttpRequestHandler]
2018-11-24 17:14:59.275 INFO  [main] o.s.w.s.m.m.annotation.ExceptionHandlerExceptionResolver.initExceptionHandlerAdviceCache:273 -Detected @ExceptionHandler methods in globalExceptionHandler
2018-11-24 17:14:59.435 INFO  [main] o.s.web.servlet.handler.SimpleUrlHandlerMapping.registerHandler:362 -Mapped URL path [/**/favicon.ico] onto handler of type [class org.springframework.web.servlet.resource.ResourceHttpRequestHandler]
2018-11-24 17:14:59.723 WARN  [main] org.thymeleaf.templatemode.TemplateMode.parse:150 -[THYMELEAF][main] Template Mode 'HTML5' is deprecated. Using Template Mode 'HTML' instead.
2018-11-24 17:15:00.955 INFO  [localhost-startStop-1] o.s.boot.web.servlet.ServletRegistrationBean.onStartup:190 -Mapping servlet: 'statViewServlet' to [/druid/*]
2018-11-24 17:15:01.597 INFO  [localhost-startStop-1] o.s.boot.web.servlet.ServletRegistrationBean.onStartup:190 -Mapping servlet: 'dispatcherServlet' to [/]
2018-11-24 17:15:01.864 INFO  [localhost-startStop-1] o.s.boot.web.servlet.FilterRegistrationBean.configure:258 -Mapping filter: 'characterEncodingFilter' to: [/*]
2018-11-24 17:15:01.876 INFO  [main] o.s.d.repository.config.RepositoryConfigurationDelegate.multipleStoresDetected:165 -Multiple Spring Data modules found, entering strict repository configuration mode!
2018-11-24 17:15:02.279 INFO  [localhost-startStop-1] o.s.boot.web.servlet.FilterRegistrationBean.configure:258 -Mapping filter: 'springSessionRepositoryFilter' to: [/*]
2018-11-24 17:15:02.796 INFO  [main] o.s.jmx.export.annotation.AnnotationMBeanExporter.afterSingletonsInstantiated:431 -Registering beans for JMX exposure on startup
2018-11-24 17:15:02.804 INFO  [main] o.s.jmx.export.annotation.AnnotationMBeanExporter.autodetect:916 -Bean with name 'dataSourceOne' has been autodetected for JMX exposure
2018-11-24 17:15:02.821 INFO  [main] o.s.jmx.export.annotation.AnnotationMBeanExporter.registerBeanInstance:671 -Located MBean 'dataSourceOne': registering with JMX server as MBean [com.alibaba.druid.pool:name=dataSourceOne,type=DruidDataSource]
2018-11-24 17:15:02.869 INFO  [main] o.s.context.support.DefaultLifecycleProcessor.start:343 -Starting beans in phase 2147483647
2018-11-24 17:15:02.744 INFO  [localhost-startStop-1] o.s.boot.web.servlet.FilterRegistrationBean.configure:258 -Mapping filter: 'hiddenHttpMethodFilter' to: [/*]
2018-11-24 17:15:03.060 INFO  [main] o.s.s.annotation.ScheduledAnnotationBeanPostProcessor.finishRegistration:262 -No TaskScheduler/ScheduledExecutorService bean found for scheduled processing
2018-11-24 17:15:03.141 INFO  [main] org.apache.coyote.http11.Http11NioProtocol.log:179 -Initializing ProtocolHandler ["http-nio-8081"]
2018-11-24 17:15:02.932 INFO  [localhost-startStop-1] o.s.boot.web.servlet.FilterRegistrationBean.configure:258 -Mapping filter: 'httpPutFormContentFilter' to: [/*]
2018-11-24 17:15:03.265 INFO  [main] org.apache.coyote.http11.Http11NioProtocol.log:179 -Starting ProtocolHandler ["http-nio-8081"]
2018-11-24 17:15:03.224 INFO  [localhost-startStop-1] o.s.boot.web.servlet.FilterRegistrationBean.configure:258 -Mapping filter: 'requestContextFilter' to: [/*]
2018-11-24 17:15:03.289 INFO  [localhost-startStop-1] o.s.boot.web.servlet.FilterRegistrationBean.configure:271 -Mapping filter: 'webStatFilter' to urls: [/*]
2018-11-24 17:15:03.559 INFO  [main] org.apache.tomcat.util.net.NioSelectorPool.log:179 -Using a shared selector for servlet write/read
2018-11-24 17:15:03.763 INFO  [main] o.s.b.c.embedded.tomcat.TomcatEmbeddedServletContainer.start:201 -Tomcat started on port(s): 8081 (http)
2018-11-24 17:15:08.705 INFO  [main] o.s.w.s.m.method.annotation.RequestMappingHandlerAdapter.initControllerAdviceCache:534 -Looking for @ControllerAdvice: org.springframework.boot.context.embedded.AnnotationConfigEmbeddedWebApplicationContext@4dcbadb4: startup date [Sat Nov 24 17:14:36 CST 2018]; root of context hierarchy
2018-11-24 17:15:09.292 INFO  [main] o.s.w.s.m.method.annotation.RequestMappingHandlerMapping.register:543 -Mapped "{[/index]}" onto public java.lang.String com.tgc.controller.IndexController.index()
2018-11-24 17:15:09.300 INFO  [main] o.s.w.s.m.method.annotation.RequestMappingHandlerMapping.register:543 -Mapped "{[/getValue]}" onto public java.lang.String com.tgc.controller.IndexController.getValue()
2018-11-24 17:15:09.311 INFO  [main] o.s.w.s.m.method.annotation.RequestMappingHandlerMapping.register:543 -Mapped "{[/login/logout]}" onto public java.lang.String com.tgc.controller.LoginController.logout(javax.servlet.http.HttpServletRequest,javax.servlet.http.HttpServletResponse)
2018-11-24 17:15:09.322 INFO  [main] o.s.w.s.m.method.annotation.RequestMappingHandlerMapping.register:543 -Mapped "{[/login/do_login]}" onto public com.tgc.controller.result.Result<java.lang.String> com.tgc.controller.LoginController.doLogin(javax.servlet.http.HttpServletRequest,javax.servlet.http.HttpServletResponse,com.tgc.entity.User)
2018-11-24 17:15:09.331 INFO  [main] o.s.w.s.m.method.annotation.RequestMappingHandlerMapping.register:543 -Mapped "{[/login/to_login]}" onto public java.lang.String com.tgc.controller.LoginController.toLogin()
2018-11-24 17:15:09.337 INFO  [main] o.s.w.s.m.method.annotation.RequestMappingHandlerMapping.register:543 -Mapped "{[/user/list]}" onto public org.springframework.web.servlet.ModelAndView com.tgc.controller.UserController.list()
2018-11-24 17:15:09.343 INFO  [main] o.s.w.s.m.method.annotation.RequestMappingHandlerMapping.register:543 -Mapped "{[/user/findByName]}" onto public com.tgc.entity.User com.tgc.controller.UserController.findByName(java.lang.String)
2018-11-24 17:15:09.349 INFO  [main] o.s.w.s.m.method.annotation.RequestMappingHandlerMapping.register:543 -Mapped "{[/user/testRedisCache]}" onto public java.lang.String com.tgc.controller.UserController.testRedisCache(java.lang.String)
2018-11-24 17:15:09.361 INFO  [main] o.s.w.s.m.method.annotation.RequestMappingHandlerMapping.register:543 -Mapped "{[/user/clearCacheAll]}" onto public java.lang.String com.tgc.controller.UserController.clearCacheAll(java.lang.String)
2018-11-24 17:15:09.371 INFO  [main] o.s.w.s.m.method.annotation.RequestMappingHandlerMapping.register:543 -Mapped "{[/user/createUser]}" onto public java.lang.String com.tgc.controller.UserController.createUser(java.lang.String,java.lang.Integer)
2018-11-24 17:15:09.386 INFO  [main] o.s.w.s.m.method.annotation.RequestMappingHandlerMapping.register:543 -Mapped "{[/error]}" onto public org.springframework.http.ResponseEntity<java.util.Map<java.lang.String, java.lang.Object>> org.springframework.boot.autoconfigure.web.BasicErrorController.error(javax.servlet.http.HttpServletRequest)
2018-11-24 17:15:09.398 INFO  [main] o.s.w.s.m.method.annotation.RequestMappingHandlerMapping.register:543 -Mapped "{[/error],produces=[text/html]}" onto public org.springframework.web.servlet.ModelAndView org.springframework.boot.autoconfigure.web.BasicErrorController.errorHtml(javax.servlet.http.HttpServletRequest,javax.servlet.http.HttpServletResponse)
2018-11-24 17:15:10.122 INFO  [main] o.s.web.servlet.handler.SimpleUrlHandlerMapping.registerHandler:362 -Mapped URL path [/webjars/**] onto handler of type [class org.springframework.web.servlet.resource.ResourceHttpRequestHandler]
2018-11-24 17:15:10.135 INFO  [main] o.s.web.servlet.handler.SimpleUrlHandlerMapping.registerHandler:362 -Mapped URL path [/**] onto handler of type [class org.springframework.web.servlet.resource.ResourceHttpRequestHandler]
2018-11-24 17:15:10.200 INFO  [main] o.s.w.s.m.m.annotation.ExceptionHandlerExceptionResolver.initExceptionHandlerAdviceCache:273 -Detected @ExceptionHandler methods in globalExceptionHandler
2018-11-24 17:15:10.290 INFO  [main] o.s.web.servlet.handler.SimpleUrlHandlerMapping.registerHandler:362 -Mapped URL path [/**/favicon.ico] onto handler of type [class org.springframework.web.servlet.resource.ResourceHttpRequestHandler]
2018-11-24 17:15:11.174 WARN  [main] org.thymeleaf.templatemode.TemplateMode.parse:150 -[THYMELEAF][main] Template Mode 'HTML5' is deprecated. Using Template Mode 'HTML' instead.
2018-11-24 17:15:15.553 INFO  [main] o.s.jmx.export.annotation.AnnotationMBeanExporter.afterSingletonsInstantiated:431 -Registering beans for JMX exposure on startup
2018-11-24 17:15:15.595 INFO  [main] o.s.jmx.export.annotation.AnnotationMBeanExporter.autodetect:916 -Bean with name 'dataSourceOne' has been autodetected for JMX exposure
2018-11-24 17:15:15.616 INFO  [main] o.s.jmx.export.annotation.AnnotationMBeanExporter.registerBeanInstance:671 -Located MBean 'dataSourceOne': registering with JMX server as MBean [com.alibaba.druid.pool:name=dataSourceOne,type=DruidDataSource]
2018-11-24 17:15:15.692 INFO  [main] o.s.context.support.DefaultLifecycleProcessor.start:343 -Starting beans in phase 2147483647
2018-11-24 17:15:15.810 INFO  [main] o.s.s.annotation.ScheduledAnnotationBeanPostProcessor.finishRegistration:262 -No TaskScheduler/ScheduledExecutorService bean found for scheduled processing
2018-11-24 17:15:15.829 INFO  [main] o.s.b.c.embedded.tomcat.TomcatEmbeddedServletContainer.initialize:89 -Tomcat initialized with port(s): 8082 (http)
2018-11-24 17:15:15.993 INFO  [main] org.apache.coyote.http11.Http11NioProtocol.log:179 -Initializing ProtocolHandler ["http-nio-8080"]
2018-11-24 17:15:16.036 INFO  [main] org.apache.catalina.core.StandardService.log:179 -Starting service [Tomcat]
2018-11-24 17:15:16.086 INFO  [main] org.apache.catalina.core.StandardEngine.log:179 -Starting Servlet Engine: Apache Tomcat/8.5.23
2018-11-24 17:15:16.109 INFO  [main] org.apache.coyote.http11.Http11NioProtocol.log:179 -Starting ProtocolHandler ["http-nio-8080"]
2018-11-24 17:15:16.281 INFO  [main] org.apache.tomcat.util.net.NioSelectorPool.log:179 -Using a shared selector for servlet write/read
2018-11-24 17:15:17.027 INFO  [main] o.s.b.c.embedded.tomcat.TomcatEmbeddedServletContainer.start:201 -Tomcat started on port(s): 8080 (http)
2018-11-24 17:15:17.480 INFO  [localhost-startStop-1] o.a.c.core.ContainerBase.[Tomcat].[localhost].[/tgc].log:179 -Initializing Spring embedded WebApplicationContext
2018-11-24 17:15:17.484 INFO  [localhost-startStop-1] org.springframework.web.context.ContextLoader.prepareEmbeddedWebApplicationContext:276 -Root WebApplicationContext: initialization completed in 28045 ms
2018-11-24 17:15:18.422 INFO  [localhost-startStop-1] o.s.boot.web.servlet.ServletRegistrationBean.onStartup:190 -Mapping servlet: 'statViewServlet' to [/druid/*]
2018-11-24 17:15:18.432 INFO  [localhost-startStop-1] o.s.boot.web.servlet.ServletRegistrationBean.onStartup:190 -Mapping servlet: 'dispatcherServlet' to [/]
2018-11-24 17:15:18.493 INFO  [localhost-startStop-1] o.s.boot.web.servlet.FilterRegistrationBean.configure:258 -Mapping filter: 'characterEncodingFilter' to: [/*]
2018-11-24 17:15:18.524 INFO  [localhost-startStop-1] o.s.boot.web.servlet.FilterRegistrationBean.configure:258 -Mapping filter: 'springSessionRepositoryFilter' to: [/*]
2018-11-24 17:15:18.529 INFO  [localhost-startStop-1] o.s.boot.web.servlet.FilterRegistrationBean.configure:258 -Mapping filter: 'hiddenHttpMethodFilter' to: [/*]
2018-11-24 17:15:18.537 INFO  [localhost-startStop-1] o.s.boot.web.servlet.FilterRegistrationBean.configure:258 -Mapping filter: 'httpPutFormContentFilter' to: [/*]
2018-11-24 17:15:18.545 INFO  [localhost-startStop-1] o.s.boot.web.servlet.FilterRegistrationBean.configure:258 -Mapping filter: 'requestContextFilter' to: [/*]
2018-11-24 17:15:18.553 INFO  [localhost-startStop-1] o.s.boot.web.servlet.FilterRegistrationBean.configure:271 -Mapping filter: 'webStatFilter' to urls: [/*]
2018-11-24 17:15:21.887 INFO  [main] o.s.w.s.m.method.annotation.RequestMappingHandlerAdapter.initControllerAdviceCache:534 -Looking for @ControllerAdvice: org.springframework.boot.context.embedded.AnnotationConfigEmbeddedWebApplicationContext@4dcbadb4: startup date [Sat Nov 24 17:14:49 CST 2018]; root of context hierarchy
2018-11-24 17:15:22.134 INFO  [main] o.s.w.s.m.method.annotation.RequestMappingHandlerMapping.register:543 -Mapped "{[/index]}" onto public java.lang.String com.tgc.controller.IndexController.index()
2018-11-24 17:15:22.144 INFO  [main] o.s.w.s.m.method.annotation.RequestMappingHandlerMapping.register:543 -Mapped "{[/getValue]}" onto public java.lang.String com.tgc.controller.IndexController.getValue()
2018-11-24 17:15:22.152 INFO  [main] o.s.w.s.m.method.annotation.RequestMappingHandlerMapping.register:543 -Mapped "{[/login/to_login]}" onto public java.lang.String com.tgc.controller.LoginController.toLogin()
2018-11-24 17:15:22.159 INFO  [main] o.s.w.s.m.method.annotation.RequestMappingHandlerMapping.register:543 -Mapped "{[/login/logout]}" onto public java.lang.String com.tgc.controller.LoginController.logout(javax.servlet.http.HttpServletRequest,javax.servlet.http.HttpServletResponse)
2018-11-24 17:15:22.168 INFO  [main] o.s.w.s.m.method.annotation.RequestMappingHandlerMapping.register:543 -Mapped "{[/login/do_login]}" onto public com.tgc.controller.result.Result<java.lang.String> com.tgc.controller.LoginController.doLogin(javax.servlet.http.HttpServletRequest,javax.servlet.http.HttpServletResponse,com.tgc.entity.User)
2018-11-24 17:15:22.182 INFO  [main] o.s.w.s.m.method.annotation.RequestMappingHandlerMapping.register:543 -Mapped "{[/user/list]}" onto public org.springframework.web.servlet.ModelAndView com.tgc.controller.UserController.list()
2018-11-24 17:15:22.190 INFO  [main] o.s.w.s.m.method.annotation.RequestMappingHandlerMapping.register:543 -Mapped "{[/user/findByName]}" onto public com.tgc.entity.User com.tgc.controller.UserController.findByName(java.lang.String)
2018-11-24 17:15:22.198 INFO  [main] o.s.w.s.m.method.annotation.RequestMappingHandlerMapping.register:543 -Mapped "{[/user/testRedisCache]}" onto public java.lang.String com.tgc.controller.UserController.testRedisCache(java.lang.String)
2018-11-24 17:15:22.206 INFO  [main] o.s.w.s.m.method.annotation.RequestMappingHandlerMapping.register:543 -Mapped "{[/user/createUser]}" onto public java.lang.String com.tgc.controller.UserController.createUser(java.lang.String,java.lang.Integer)
2018-11-24 17:15:22.214 INFO  [main] o.s.w.s.m.method.annotation.RequestMappingHandlerMapping.register:543 -Mapped "{[/user/clearCacheAll]}" onto public java.lang.String com.tgc.controller.UserController.clearCacheAll(java.lang.String)
2018-11-24 17:15:22.225 INFO  [main] o.s.w.s.m.method.annotation.RequestMappingHandlerMapping.register:543 -Mapped "{[/error]}" onto public org.springframework.http.ResponseEntity<java.util.Map<java.lang.String, java.lang.Object>> org.springframework.boot.autoconfigure.web.BasicErrorController.error(javax.servlet.http.HttpServletRequest)
2018-11-24 17:15:22.236 INFO  [main] o.s.w.s.m.method.annotation.RequestMappingHandlerMapping.register:543 -Mapped "{[/error],produces=[text/html]}" onto public org.springframework.web.servlet.ModelAndView org.springframework.boot.autoconfigure.web.BasicErrorController.errorHtml(javax.servlet.http.HttpServletRequest,javax.servlet.http.HttpServletResponse)
2018-11-24 17:15:22.333 INFO  [main] o.s.web.servlet.handler.SimpleUrlHandlerMapping.registerHandler:362 -Mapped URL path [/webjars/**] onto handler of type [class org.springframework.web.servlet.resource.ResourceHttpRequestHandler]
2018-11-24 17:15:22.338 INFO  [main] o.s.web.servlet.handler.SimpleUrlHandlerMapping.registerHandler:362 -Mapped URL path [/**] onto handler of type [class org.springframework.web.servlet.resource.ResourceHttpRequestHandler]
2018-11-24 17:15:22.389 INFO  [main] o.s.w.s.m.m.annotation.ExceptionHandlerExceptionResolver.initExceptionHandlerAdviceCache:273 -Detected @ExceptionHandler methods in globalExceptionHandler
2018-11-24 17:15:22.463 INFO  [main] o.s.web.servlet.handler.SimpleUrlHandlerMapping.registerHandler:362 -Mapped URL path [/**/favicon.ico] onto handler of type [class org.springframework.web.servlet.resource.ResourceHttpRequestHandler]
2018-11-24 17:15:22.594 WARN  [main] org.thymeleaf.templatemode.TemplateMode.parse:150 -[THYMELEAF][main] Template Mode 'HTML5' is deprecated. Using Template Mode 'HTML' instead.
2018-11-24 17:15:24.330 INFO  [main] o.s.jmx.export.annotation.AnnotationMBeanExporter.afterSingletonsInstantiated:431 -Registering beans for JMX exposure on startup
2018-11-24 17:15:24.337 INFO  [main] o.s.jmx.export.annotation.AnnotationMBeanExporter.autodetect:916 -Bean with name 'dataSourceOne' has been autodetected for JMX exposure
2018-11-24 17:15:24.352 INFO  [main] o.s.jmx.export.annotation.AnnotationMBeanExporter.registerBeanInstance:671 -Located MBean 'dataSourceOne': registering with JMX server as MBean [com.alibaba.druid.pool:name=dataSourceOne,type=DruidDataSource]
2018-11-24 17:15:24.368 INFO  [main] o.s.context.support.DefaultLifecycleProcessor.start:343 -Starting beans in phase 2147483647
2018-11-24 17:15:24.391 INFO  [main] o.s.s.annotation.ScheduledAnnotationBeanPostProcessor.finishRegistration:262 -No TaskScheduler/ScheduledExecutorService bean found for scheduled processing
2018-11-24 17:15:24.427 INFO  [main] org.apache.coyote.http11.Http11NioProtocol.log:179 -Initializing ProtocolHandler ["http-nio-8082"]
2018-11-24 17:15:24.455 INFO  [main] org.apache.coyote.http11.Http11NioProtocol.log:179 -Starting ProtocolHandler ["http-nio-8082"]
2018-11-24 17:15:24.472 INFO  [main] org.apache.tomcat.util.net.NioSelectorPool.log:179 -Using a shared selector for servlet write/read
2018-11-24 17:15:24.519 INFO  [main] o.s.b.c.embedded.tomcat.TomcatEmbeddedServletContainer.start:201 -Tomcat started on port(s): 8082 (http)
2018-11-24 17:23:40.738 INFO  [http-nio-8080-exec-9] o.a.c.core.ContainerBase.[Tomcat].[localhost].[/tgc].log:179 -Initializing Spring FrameworkServlet 'dispatcherServlet'
2018-11-24 17:23:40.743 INFO  [http-nio-8080-exec-9] org.springframework.web.servlet.DispatcherServlet.initServletBean:489 -FrameworkServlet 'dispatcherServlet': initialization started
2018-11-24 17:23:40.908 INFO  [http-nio-8080-exec-9] org.springframework.web.servlet.DispatcherServlet.initServletBean:508 -FrameworkServlet 'dispatcherServlet': initialization completed in 161 ms
2018-11-24 17:23:42.273 INFO  [http-nio-8082-exec-1] o.a.c.core.ContainerBase.[Tomcat].[localhost].[/tgc].log:179 -Initializing Spring FrameworkServlet 'dispatcherServlet'
2018-11-24 17:23:42.277 INFO  [http-nio-8082-exec-1] org.springframework.web.servlet.DispatcherServlet.initServletBean:489 -FrameworkServlet 'dispatcherServlet': initialization started
2018-11-24 17:23:42.542 INFO  [http-nio-8082-exec-1] org.springframework.web.servlet.DispatcherServlet.initServletBean:508 -FrameworkServlet 'dispatcherServlet': initialization completed in 255 ms
2018-11-24 17:23:45.163 INFO  [http-nio-8081-exec-1] o.a.c.core.ContainerBase.[Tomcat].[localhost].[/tgc].log:179 -Initializing Spring FrameworkServlet 'dispatcherServlet'
2018-11-24 17:23:45.196 INFO  [http-nio-8081-exec-1] org.springframework.web.servlet.DispatcherServlet.initServletBean:489 -FrameworkServlet 'dispatcherServlet': initialization started
2018-11-24 17:23:47.008 INFO  [http-nio-8081-exec-1] org.springframework.web.servlet.DispatcherServlet.initServletBean:508 -FrameworkServlet 'dispatcherServlet': initialization completed in 1777 ms
2018-11-24 17:24:27.478 INFO  [http-nio-8082-exec-1] com.alibaba.druid.pool.DruidDataSource.init:669 -{dataSource-1} inited
2018-11-24 17:24:33.747 INFO  [http-nio-8081-exec-6] com.alibaba.druid.pool.DruidDataSource.init:669 -{dataSource-1} inited
2018-11-24 17:24:38.886 INFO  [http-nio-8080-exec-8] com.alibaba.druid.pool.DruidDataSource.init:669 -{dataSource-1} inited
2018-11-24 17:38:47.547 INFO  [background-preinit] org.hibernate.validator.internal.util.Version.<clinit>:30 -HV000001: Hibernate Validator 5.3.5.Final
2018-11-24 17:38:47.576 INFO  [main] o.s.b.c.e.AnnotationConfigEmbeddedWebApplicationContext.prepareRefresh:583 -Refreshing org.springframework.boot.context.embedded.AnnotationConfigEmbeddedWebApplicationContext@4dcbadb4: startup date [Sat Nov 24 17:38:47 CST 2018]; root of context hierarchy
2018-11-24 17:38:49.697 INFO  [background-preinit] org.hibernate.validator.internal.util.Version.<clinit>:30 -HV000001: Hibernate Validator 5.3.5.Final
2018-11-24 17:38:51.177 INFO  [main] o.s.beans.factory.xml.XmlBeanDefinitionReader.loadBeanDefinitions:317 -Loading XML bean definitions from class path resource [druid-bean.xml]
2018-11-24 17:38:51.212 INFO  [main] o.s.b.c.e.AnnotationConfigEmbeddedWebApplicationContext.prepareRefresh:583 -Refreshing org.springframework.boot.context.embedded.AnnotationConfigEmbeddedWebApplicationContext@4dcbadb4: startup date [Sat Nov 24 17:38:51 CST 2018]; root of context hierarchy
2018-11-24 17:38:53.312 INFO  [main] o.s.d.repository.config.RepositoryConfigurationDelegate.multipleStoresDetected:165 -Multiple Spring Data modules found, entering strict repository configuration mode!
2018-11-24 17:38:53.857 INFO  [main] o.s.beans.factory.xml.XmlBeanDefinitionReader.loadBeanDefinitions:317 -Loading XML bean definitions from class path resource [druid-bean.xml]
2018-11-24 17:38:55.839 INFO  [main] o.s.d.repository.config.RepositoryConfigurationDelegate.multipleStoresDetected:165 -Multiple Spring Data modules found, entering strict repository configuration mode!
2018-11-24 17:38:56.635 INFO  [background-preinit] org.hibernate.validator.internal.util.Version.<clinit>:30 -HV000001: Hibernate Validator 5.3.5.Final
2018-11-24 17:38:56.777 INFO  [main] o.s.b.c.e.AnnotationConfigEmbeddedWebApplicationContext.prepareRefresh:583 -Refreshing org.springframework.boot.context.embedded.AnnotationConfigEmbeddedWebApplicationContext@4dcbadb4: startup date [Sat Nov 24 17:38:56 CST 2018]; root of context hierarchy
2018-11-24 17:39:00.487 INFO  [main] o.s.beans.factory.xml.XmlBeanDefinitionReader.loadBeanDefinitions:317 -Loading XML bean definitions from class path resource [druid-bean.xml]
2018-11-24 17:39:01.622 INFO  [main] o.s.b.c.embedded.tomcat.TomcatEmbeddedServletContainer.initialize:89 -Tomcat initialized with port(s): 8080 (http)
2018-11-24 17:39:01.676 INFO  [main] org.apache.catalina.core.StandardService.log:179 -Starting service [Tomcat]
2018-11-24 17:39:01.690 INFO  [main] org.apache.catalina.core.StandardEngine.log:179 -Starting Servlet Engine: Apache Tomcat/8.5.23
2018-11-24 17:39:02.373 INFO  [localhost-startStop-1] o.a.c.core.ContainerBase.[Tomcat].[localhost].[/tgc].log:179 -Initializing Spring embedded WebApplicationContext
2018-11-24 17:39:02.382 INFO  [localhost-startStop-1] org.springframework.web.context.ContextLoader.prepareEmbeddedWebApplicationContext:276 -Root WebApplicationContext: initialization completed in 14806 ms
2018-11-24 17:39:02.471 INFO  [main] o.s.d.repository.config.RepositoryConfigurationDelegate.multipleStoresDetected:165 -Multiple Spring Data modules found, entering strict repository configuration mode!
2018-11-24 17:39:03.393 INFO  [localhost-startStop-1] o.s.boot.web.servlet.ServletRegistrationBean.onStartup:190 -Mapping servlet: 'statViewServlet' to [/druid/*]
2018-11-24 17:39:03.429 INFO  [localhost-startStop-1] o.s.boot.web.servlet.ServletRegistrationBean.onStartup:190 -Mapping servlet: 'dispatcherServlet' to [/]
2018-11-24 17:39:03.454 INFO  [localhost-startStop-1] o.s.boot.web.servlet.FilterRegistrationBean.configure:258 -Mapping filter: 'characterEncodingFilter' to: [/*]
2018-11-24 17:39:03.461 INFO  [localhost-startStop-1] o.s.boot.web.servlet.FilterRegistrationBean.configure:258 -Mapping filter: 'springSessionRepositoryFilter' to: [/*]
2018-11-24 17:39:03.467 INFO  [localhost-startStop-1] o.s.boot.web.servlet.FilterRegistrationBean.configure:258 -Mapping filter: 'hiddenHttpMethodFilter' to: [/*]
2018-11-24 17:39:03.474 INFO  [localhost-startStop-1] o.s.boot.web.servlet.FilterRegistrationBean.configure:258 -Mapping filter: 'httpPutFormContentFilter' to: [/*]
2018-11-24 17:39:03.478 INFO  [localhost-startStop-1] o.s.boot.web.servlet.FilterRegistrationBean.configure:258 -Mapping filter: 'requestContextFilter' to: [/*]
2018-11-24 17:39:03.494 INFO  [localhost-startStop-1] o.s.boot.web.servlet.FilterRegistrationBean.configure:271 -Mapping filter: 'webStatFilter' to urls: [/*]
2018-11-24 17:39:06.040 INFO  [main] o.s.b.c.embedded.tomcat.TomcatEmbeddedServletContainer.initialize:89 -Tomcat initialized with port(s): 8081 (http)
2018-11-24 17:39:06.104 INFO  [main] org.apache.catalina.core.StandardService.log:179 -Starting service [Tomcat]
2018-11-24 17:39:06.117 INFO  [main] org.apache.catalina.core.StandardEngine.log:179 -Starting Servlet Engine: Apache Tomcat/8.5.23
2018-11-24 17:39:06.560 INFO  [localhost-startStop-1] o.a.c.core.ContainerBase.[Tomcat].[localhost].[/tgc].log:179 -Initializing Spring embedded WebApplicationContext
2018-11-24 17:39:06.589 INFO  [localhost-startStop-1] org.springframework.web.context.ContextLoader.prepareEmbeddedWebApplicationContext:276 -Root WebApplicationContext: initialization completed in 15377 ms
2018-11-24 17:39:07.565 INFO  [localhost-startStop-1] o.s.boot.web.servlet.ServletRegistrationBean.onStartup:190 -Mapping servlet: 'statViewServlet' to [/druid/*]
2018-11-24 17:39:07.573 INFO  [localhost-startStop-1] o.s.boot.web.servlet.ServletRegistrationBean.onStartup:190 -Mapping servlet: 'dispatcherServlet' to [/]
2018-11-24 17:39:07.588 INFO  [localhost-startStop-1] o.s.boot.web.servlet.FilterRegistrationBean.configure:258 -Mapping filter: 'characterEncodingFilter' to: [/*]
2018-11-24 17:39:07.595 INFO  [localhost-startStop-1] o.s.boot.web.servlet.FilterRegistrationBean.configure:258 -Mapping filter: 'springSessionRepositoryFilter' to: [/*]
2018-11-24 17:39:07.602 INFO  [localhost-startStop-1] o.s.boot.web.servlet.FilterRegistrationBean.configure:258 -Mapping filter: 'hiddenHttpMethodFilter' to: [/*]
2018-11-24 17:39:07.606 INFO  [localhost-startStop-1] o.s.boot.web.servlet.FilterRegistrationBean.configure:258 -Mapping filter: 'httpPutFormContentFilter' to: [/*]
2018-11-24 17:39:07.610 INFO  [localhost-startStop-1] o.s.boot.web.servlet.FilterRegistrationBean.configure:258 -Mapping filter: 'requestContextFilter' to: [/*]
2018-11-24 17:39:07.616 INFO  [localhost-startStop-1] o.s.boot.web.servlet.FilterRegistrationBean.configure:271 -Mapping filter: 'webStatFilter' to urls: [/*]
2018-11-24 17:39:11.402 INFO  [main] o.s.w.s.m.method.annotation.RequestMappingHandlerAdapter.initControllerAdviceCache:534 -Looking for @ControllerAdvice: org.springframework.boot.context.embedded.AnnotationConfigEmbeddedWebApplicationContext@4dcbadb4: startup date [Sat Nov 24 17:38:51 CST 2018]; root of context hierarchy
2018-11-24 17:39:11.766 INFO  [main] o.s.w.s.m.method.annotation.RequestMappingHandlerMapping.register:543 -Mapped "{[/index]}" onto public java.lang.String com.tgc.controller.IndexController.index()
2018-11-24 17:39:11.775 INFO  [main] o.s.w.s.m.method.annotation.RequestMappingHandlerMapping.register:543 -Mapped "{[/getValue]}" onto public java.lang.String com.tgc.controller.IndexController.getValue()
2018-11-24 17:39:11.784 INFO  [main] o.s.w.s.m.method.annotation.RequestMappingHandlerMapping.register:543 -Mapped "{[/login/do_login]}" onto public com.tgc.controller.result.Result<java.lang.String> com.tgc.controller.LoginController.doLogin(javax.servlet.http.HttpServletRequest,javax.servlet.http.HttpServletResponse,com.tgc.entity.User)
2018-11-24 17:39:11.794 INFO  [main] o.s.w.s.m.method.annotation.RequestMappingHandlerMapping.register:543 -Mapped "{[/login/logout]}" onto public java.lang.String com.tgc.controller.LoginController.logout(javax.servlet.http.HttpServletRequest,javax.servlet.http.HttpServletResponse)
2018-11-24 17:39:11.804 INFO  [main] o.s.w.s.m.method.annotation.RequestMappingHandlerMapping.register:543 -Mapped "{[/login/to_login]}" onto public java.lang.String com.tgc.controller.LoginController.toLogin()
2018-11-24 17:39:11.815 INFO  [main] o.s.w.s.m.method.annotation.RequestMappingHandlerMapping.register:543 -Mapped "{[/user/list]}" onto public org.springframework.web.servlet.ModelAndView com.tgc.controller.UserController.list()
2018-11-24 17:39:11.821 INFO  [main] o.s.w.s.m.method.annotation.RequestMappingHandlerMapping.register:543 -Mapped "{[/user/createUser]}" onto public java.lang.String com.tgc.controller.UserController.createUser(java.lang.String,java.lang.Integer)
2018-11-24 17:39:11.827 INFO  [main] o.s.w.s.m.method.annotation.RequestMappingHandlerMapping.register:543 -Mapped "{[/user/testRedisCache]}" onto public java.lang.String com.tgc.controller.UserController.testRedisCache(java.lang.String)
2018-11-24 17:39:11.834 INFO  [main] o.s.w.s.m.method.annotation.RequestMappingHandlerMapping.register:543 -Mapped "{[/user/clearCacheAll]}" onto public java.lang.String com.tgc.controller.UserController.clearCacheAll(java.lang.String)
2018-11-24 17:39:11.859 INFO  [main] o.s.w.s.m.method.annotation.RequestMappingHandlerMapping.register:543 -Mapped "{[/user/findByName]}" onto public com.tgc.entity.User com.tgc.controller.UserController.findByName(java.lang.String)
2018-11-24 17:39:11.869 INFO  [main] o.s.w.s.m.method.annotation.RequestMappingHandlerMapping.register:543 -Mapped "{[/error]}" onto public org.springframework.http.ResponseEntity<java.util.Map<java.lang.String, java.lang.Object>> org.springframework.boot.autoconfigure.web.BasicErrorController.error(javax.servlet.http.HttpServletRequest)
2018-11-24 17:39:11.877 INFO  [main] o.s.w.s.m.method.annotation.RequestMappingHandlerMapping.register:543 -Mapped "{[/error],produces=[text/html]}" onto public org.springframework.web.servlet.ModelAndView org.springframework.boot.autoconfigure.web.BasicErrorController.errorHtml(javax.servlet.http.HttpServletRequest,javax.servlet.http.HttpServletResponse)
2018-11-24 17:39:12.032 INFO  [main] o.s.web.servlet.handler.SimpleUrlHandlerMapping.registerHandler:362 -Mapped URL path [/webjars/**] onto handler of type [class org.springframework.web.servlet.resource.ResourceHttpRequestHandler]
2018-11-24 17:39:12.038 INFO  [main] o.s.web.servlet.handler.SimpleUrlHandlerMapping.registerHandler:362 -Mapped URL path [/**] onto handler of type [class org.springframework.web.servlet.resource.ResourceHttpRequestHandler]
2018-11-24 17:39:12.088 INFO  [main] o.s.w.s.m.m.annotation.ExceptionHandlerExceptionResolver.initExceptionHandlerAdviceCache:273 -Detected @ExceptionHandler methods in globalExceptionHandler
2018-11-24 17:39:12.200 INFO  [main] o.s.web.servlet.handler.SimpleUrlHandlerMapping.registerHandler:362 -Mapped URL path [/**/favicon.ico] onto handler of type [class org.springframework.web.servlet.resource.ResourceHttpRequestHandler]
2018-11-24 17:39:12.353 WARN  [main] org.thymeleaf.templatemode.TemplateMode.parse:150 -[THYMELEAF][main] Template Mode 'HTML5' is deprecated. Using Template Mode 'HTML' instead.
2018-11-24 17:39:14.648 INFO  [main] o.s.jmx.export.annotation.AnnotationMBeanExporter.afterSingletonsInstantiated:431 -Registering beans for JMX exposure on startup
2018-11-24 17:39:14.658 INFO  [main] o.s.jmx.export.annotation.AnnotationMBeanExporter.autodetect:916 -Bean with name 'dataSourceOne' has been autodetected for JMX exposure
2018-11-24 17:39:14.679 INFO  [main] o.s.jmx.export.annotation.AnnotationMBeanExporter.registerBeanInstance:671 -Located MBean 'dataSourceOne': registering with JMX server as MBean [com.alibaba.druid.pool:name=dataSourceOne,type=DruidDataSource]
2018-11-24 17:39:14.697 INFO  [main] o.s.context.support.DefaultLifecycleProcessor.start:343 -Starting beans in phase 2147483647
2018-11-24 17:39:15.067 INFO  [main] o.s.s.annotation.ScheduledAnnotationBeanPostProcessor.finishRegistration:262 -No TaskScheduler/ScheduledExecutorService bean found for scheduled processing
2018-11-24 17:39:15.144 INFO  [main] org.apache.coyote.http11.Http11NioProtocol.log:179 -Initializing ProtocolHandler ["http-nio-8081"]
2018-11-24 17:39:15.188 INFO  [main] org.apache.coyote.http11.Http11NioProtocol.log:179 -Starting ProtocolHandler ["http-nio-8081"]
2018-11-24 17:39:15.290 INFO  [main] org.apache.tomcat.util.net.NioSelectorPool.log:179 -Using a shared selector for servlet write/read
2018-11-24 17:39:15.544 INFO  [main] o.s.b.c.embedded.tomcat.TomcatEmbeddedServletContainer.start:201 -Tomcat started on port(s): 8081 (http)
2018-11-24 17:39:17.949 INFO  [main] o.s.w.s.m.method.annotation.RequestMappingHandlerAdapter.initControllerAdviceCache:534 -Looking for @ControllerAdvice: org.springframework.boot.context.embedded.AnnotationConfigEmbeddedWebApplicationContext@4dcbadb4: startup date [Sat Nov 24 17:38:47 CST 2018]; root of context hierarchy
2018-11-24 17:39:18.996 INFO  [main] o.s.w.s.m.method.annotation.RequestMappingHandlerMapping.register:543 -Mapped "{[/index]}" onto public java.lang.String com.tgc.controller.IndexController.index()
2018-11-24 17:39:19.024 INFO  [main] o.s.w.s.m.method.annotation.RequestMappingHandlerMapping.register:543 -Mapped "{[/getValue]}" onto public java.lang.String com.tgc.controller.IndexController.getValue()
2018-11-24 17:39:19.037 INFO  [main] o.s.w.s.m.method.annotation.RequestMappingHandlerMapping.register:543 -Mapped "{[/login/to_login]}" onto public java.lang.String com.tgc.controller.LoginController.toLogin()
2018-11-24 17:39:19.044 INFO  [main] o.s.w.s.m.method.annotation.RequestMappingHandlerMapping.register:543 -Mapped "{[/login/do_login]}" onto public com.tgc.controller.result.Result<java.lang.String> com.tgc.controller.LoginController.doLogin(javax.servlet.http.HttpServletRequest,javax.servlet.http.HttpServletResponse,com.tgc.entity.User)
2018-11-24 17:39:19.057 INFO  [main] o.s.w.s.m.method.annotation.RequestMappingHandlerMapping.register:543 -Mapped "{[/login/logout]}" onto public java.lang.String com.tgc.controller.LoginController.logout(javax.servlet.http.HttpServletRequest,javax.servlet.http.HttpServletResponse)
2018-11-24 17:39:19.079 INFO  [main] o.s.w.s.m.method.annotation.RequestMappingHandlerMapping.register:543 -Mapped "{[/user/list]}" onto public org.springframework.web.servlet.ModelAndView com.tgc.controller.UserController.list()
2018-11-24 17:39:19.087 INFO  [main] o.s.w.s.m.method.annotation.RequestMappingHandlerMapping.register:543 -Mapped "{[/user/findByName]}" onto public com.tgc.entity.User com.tgc.controller.UserController.findByName(java.lang.String)
2018-11-24 17:39:19.095 INFO  [main] o.s.w.s.m.method.annotation.RequestMappingHandlerMapping.register:543 -Mapped "{[/user/createUser]}" onto public java.lang.String com.tgc.controller.UserController.createUser(java.lang.String,java.lang.Integer)
2018-11-24 17:39:19.109 INFO  [main] o.s.w.s.m.method.annotation.RequestMappingHandlerMapping.register:543 -Mapped "{[/user/clearCacheAll]}" onto public java.lang.String com.tgc.controller.UserController.clearCacheAll(java.lang.String)
2018-11-24 17:39:19.116 INFO  [main] o.s.w.s.m.method.annotation.RequestMappingHandlerMapping.register:543 -Mapped "{[/user/testRedisCache]}" onto public java.lang.String com.tgc.controller.UserController.testRedisCache(java.lang.String)
2018-11-24 17:39:19.145 INFO  [main] o.s.w.s.m.method.annotation.RequestMappingHandlerMapping.register:543 -Mapped "{[/error]}" onto public org.springframework.http.ResponseEntity<java.util.Map<java.lang.String, java.lang.Object>> org.springframework.boot.autoconfigure.web.BasicErrorController.error(javax.servlet.http.HttpServletRequest)
2018-11-24 17:39:19.164 INFO  [main] o.s.w.s.m.method.annotation.RequestMappingHandlerMapping.register:543 -Mapped "{[/error],produces=[text/html]}" onto public org.springframework.web.servlet.ModelAndView org.springframework.boot.autoconfigure.web.BasicErrorController.errorHtml(javax.servlet.http.HttpServletRequest,javax.servlet.http.HttpServletResponse)
2018-11-24 17:39:19.314 INFO  [main] o.s.web.servlet.handler.SimpleUrlHandlerMapping.registerHandler:362 -Mapped URL path [/webjars/**] onto handler of type [class org.springframework.web.servlet.resource.ResourceHttpRequestHandler]
2018-11-24 17:39:19.323 INFO  [main] o.s.web.servlet.handler.SimpleUrlHandlerMapping.registerHandler:362 -Mapped URL path [/**] onto handler of type [class org.springframework.web.servlet.resource.ResourceHttpRequestHandler]
2018-11-24 17:39:19.380 INFO  [main] o.s.w.s.m.m.annotation.ExceptionHandlerExceptionResolver.initExceptionHandlerAdviceCache:273 -Detected @ExceptionHandler methods in globalExceptionHandler
2018-11-24 17:39:19.498 INFO  [main] o.s.web.servlet.handler.SimpleUrlHandlerMapping.registerHandler:362 -Mapped URL path [/**/favicon.ico] onto handler of type [class org.springframework.web.servlet.resource.ResourceHttpRequestHandler]
2018-11-24 17:39:19.639 WARN  [main] org.thymeleaf.templatemode.TemplateMode.parse:150 -[THYMELEAF][main] Template Mode 'HTML5' is deprecated. Using Template Mode 'HTML' instead.
2018-11-24 17:39:21.452 INFO  [main] o.s.b.c.embedded.tomcat.TomcatEmbeddedServletContainer.initialize:89 -Tomcat initialized with port(s): 8082 (http)
2018-11-24 17:39:21.618 INFO  [main] org.apache.catalina.core.StandardService.log:179 -Starting service [Tomcat]
2018-11-24 17:39:21.628 INFO  [main] org.apache.catalina.core.StandardEngine.log:179 -Starting Servlet Engine: Apache Tomcat/8.5.23
2018-11-24 17:39:22.673 INFO  [localhost-startStop-1] o.a.c.core.ContainerBase.[Tomcat].[localhost].[/tgc].log:179 -Initializing Spring embedded WebApplicationContext
2018-11-24 17:39:22.689 INFO  [localhost-startStop-1] org.springframework.web.context.ContextLoader.prepareEmbeddedWebApplicationContext:276 -Root WebApplicationContext: initialization completed in 25912 ms
2018-11-24 17:39:24.938 INFO  [main] o.s.jmx.export.annotation.AnnotationMBeanExporter.afterSingletonsInstantiated:431 -Registering beans for JMX exposure on startup
2018-11-24 17:39:25.147 INFO  [main] o.s.jmx.export.annotation.AnnotationMBeanExporter.autodetect:916 -Bean with name 'dataSourceOne' has been autodetected for JMX exposure
2018-11-24 17:39:25.369 INFO  [main] o.s.jmx.export.annotation.AnnotationMBeanExporter.registerBeanInstance:671 -Located MBean 'dataSourceOne': registering with JMX server as MBean [com.alibaba.druid.pool:name=dataSourceOne,type=DruidDataSource]
2018-11-24 17:39:25.717 INFO  [main] o.s.context.support.DefaultLifecycleProcessor.start:343 -Starting beans in phase 2147483647
2018-11-24 17:39:26.188 INFO  [main] o.s.s.annotation.ScheduledAnnotationBeanPostProcessor.finishRegistration:262 -No TaskScheduler/ScheduledExecutorService bean found for scheduled processing
2018-11-24 17:39:26.261 INFO  [main] org.apache.coyote.http11.Http11NioProtocol.log:179 -Initializing ProtocolHandler ["http-nio-8080"]
2018-11-24 17:39:26.419 INFO  [main] org.apache.coyote.http11.Http11NioProtocol.log:179 -Starting ProtocolHandler ["http-nio-8080"]
2018-11-24 17:39:26.720 INFO  [localhost-startStop-1] o.s.boot.web.servlet.ServletRegistrationBean.onStartup:190 -Mapping servlet: 'statViewServlet' to [/druid/*]
2018-11-24 17:39:26.743 INFO  [main] org.apache.tomcat.util.net.NioSelectorPool.log:179 -Using a shared selector for servlet write/read
2018-11-24 17:39:26.843 INFO  [localhost-startStop-1] o.s.boot.web.servlet.ServletRegistrationBean.onStartup:190 -Mapping servlet: 'dispatcherServlet' to [/]
2018-11-24 17:39:27.037 INFO  [localhost-startStop-1] o.s.boot.web.servlet.FilterRegistrationBean.configure:258 -Mapping filter: 'characterEncodingFilter' to: [/*]
2018-11-24 17:39:27.128 INFO  [localhost-startStop-1] o.s.boot.web.servlet.FilterRegistrationBean.configure:258 -Mapping filter: 'springSessionRepositoryFilter' to: [/*]
2018-11-24 17:39:27.142 INFO  [localhost-startStop-1] o.s.boot.web.servlet.FilterRegistrationBean.configure:258 -Mapping filter: 'hiddenHttpMethodFilter' to: [/*]
2018-11-24 17:39:27.247 INFO  [main] o.s.b.c.embedded.tomcat.TomcatEmbeddedServletContainer.start:201 -Tomcat started on port(s): 8080 (http)
2018-11-24 17:39:27.208 INFO  [localhost-startStop-1] o.s.boot.web.servlet.FilterRegistrationBean.configure:258 -Mapping filter: 'httpPutFormContentFilter' to: [/*]
2018-11-24 17:39:27.343 INFO  [localhost-startStop-1] o.s.boot.web.servlet.FilterRegistrationBean.configure:258 -Mapping filter: 'requestContextFilter' to: [/*]
2018-11-24 17:39:27.466 INFO  [localhost-startStop-1] o.s.boot.web.servlet.FilterRegistrationBean.configure:271 -Mapping filter: 'webStatFilter' to urls: [/*]
2018-11-24 17:39:37.325 INFO  [main] o.s.w.s.m.method.annotation.RequestMappingHandlerAdapter.initControllerAdviceCache:534 -Looking for @ControllerAdvice: org.springframework.boot.context.embedded.AnnotationConfigEmbeddedWebApplicationContext@4dcbadb4: startup date [Sat Nov 24 17:38:56 CST 2018]; root of context hierarchy
2018-11-24 17:39:37.699 INFO  [main] o.s.w.s.m.method.annotation.RequestMappingHandlerMapping.register:543 -Mapped "{[/index]}" onto public java.lang.String com.tgc.controller.IndexController.index()
2018-11-24 17:39:37.706 INFO  [main] o.s.w.s.m.method.annotation.RequestMappingHandlerMapping.register:543 -Mapped "{[/getValue]}" onto public java.lang.String com.tgc.controller.IndexController.getValue()
2018-11-24 17:39:37.713 INFO  [main] o.s.w.s.m.method.annotation.RequestMappingHandlerMapping.register:543 -Mapped "{[/login/logout]}" onto public java.lang.String com.tgc.controller.LoginController.logout(javax.servlet.http.HttpServletRequest,javax.servlet.http.HttpServletResponse)
2018-11-24 17:39:37.720 INFO  [main] o.s.w.s.m.method.annotation.RequestMappingHandlerMapping.register:543 -Mapped "{[/login/do_login]}" onto public com.tgc.controller.result.Result<java.lang.String> com.tgc.controller.LoginController.doLogin(javax.servlet.http.HttpServletRequest,javax.servlet.http.HttpServletResponse,com.tgc.entity.User)
2018-11-24 17:39:37.727 INFO  [main] o.s.w.s.m.method.annotation.RequestMappingHandlerMapping.register:543 -Mapped "{[/login/to_login]}" onto public java.lang.String com.tgc.controller.LoginController.toLogin()
2018-11-24 17:39:37.740 INFO  [main] o.s.w.s.m.method.annotation.RequestMappingHandlerMapping.register:543 -Mapped "{[/user/list]}" onto public org.springframework.web.servlet.ModelAndView com.tgc.controller.UserController.list()
2018-11-24 17:39:37.746 INFO  [main] o.s.w.s.m.method.annotation.RequestMappingHandlerMapping.register:543 -Mapped "{[/user/findByName]}" onto public com.tgc.entity.User com.tgc.controller.UserController.findByName(java.lang.String)
2018-11-24 17:39:37.751 INFO  [main] o.s.w.s.m.method.annotation.RequestMappingHandlerMapping.register:543 -Mapped "{[/user/clearCacheAll]}" onto public java.lang.String com.tgc.controller.UserController.clearCacheAll(java.lang.String)
2018-11-24 17:39:37.758 INFO  [main] o.s.w.s.m.method.annotation.RequestMappingHandlerMapping.register:543 -Mapped "{[/user/testRedisCache]}" onto public java.lang.String com.tgc.controller.UserController.testRedisCache(java.lang.String)
2018-11-24 17:39:37.765 INFO  [main] o.s.w.s.m.method.annotation.RequestMappingHandlerMapping.register:543 -Mapped "{[/user/createUser]}" onto public java.lang.String com.tgc.controller.UserController.createUser(java.lang.String,java.lang.Integer)
2018-11-24 17:39:37.775 INFO  [main] o.s.w.s.m.method.annotation.RequestMappingHandlerMapping.register:543 -Mapped "{[/error]}" onto public org.springframework.http.ResponseEntity<java.util.Map<java.lang.String, java.lang.Object>> org.springframework.boot.autoconfigure.web.BasicErrorController.error(javax.servlet.http.HttpServletRequest)
2018-11-24 17:39:37.783 INFO  [main] o.s.w.s.m.method.annotation.RequestMappingHandlerMapping.register:543 -Mapped "{[/error],produces=[text/html]}" onto public org.springframework.web.servlet.ModelAndView org.springframework.boot.autoconfigure.web.BasicErrorController.errorHtml(javax.servlet.http.HttpServletRequest,javax.servlet.http.HttpServletResponse)
2018-11-24 17:39:37.890 INFO  [main] o.s.web.servlet.handler.SimpleUrlHandlerMapping.registerHandler:362 -Mapped URL path [/webjars/**] onto handler of type [class org.springframework.web.servlet.resource.ResourceHttpRequestHandler]
2018-11-24 17:39:37.896 INFO  [main] o.s.web.servlet.handler.SimpleUrlHandlerMapping.registerHandler:362 -Mapped URL path [/**] onto handler of type [class org.springframework.web.servlet.resource.ResourceHttpRequestHandler]
2018-11-24 17:39:37.937 INFO  [main] o.s.w.s.m.m.annotation.ExceptionHandlerExceptionResolver.initExceptionHandlerAdviceCache:273 -Detected @ExceptionHandler methods in globalExceptionHandler
2018-11-24 17:39:37.994 INFO  [main] o.s.web.servlet.handler.SimpleUrlHandlerMapping.registerHandler:362 -Mapped URL path [/**/favicon.ico] onto handler of type [class org.springframework.web.servlet.resource.ResourceHttpRequestHandler]
2018-11-24 17:39:38.094 WARN  [main] org.thymeleaf.templatemode.TemplateMode.parse:150 -[THYMELEAF][main] Template Mode 'HTML5' is deprecated. Using Template Mode 'HTML' instead.
2018-11-24 17:39:39.471 INFO  [main] o.s.jmx.export.annotation.AnnotationMBeanExporter.afterSingletonsInstantiated:431 -Registering beans for JMX exposure on startup
2018-11-24 17:39:39.478 INFO  [main] o.s.jmx.export.annotation.AnnotationMBeanExporter.autodetect:916 -Bean with name 'dataSourceOne' has been autodetected for JMX exposure
2018-11-24 17:39:39.492 INFO  [main] o.s.jmx.export.annotation.AnnotationMBeanExporter.registerBeanInstance:671 -Located MBean 'dataSourceOne': registering with JMX server as MBean [com.alibaba.druid.pool:name=dataSourceOne,type=DruidDataSource]
2018-11-24 17:39:39.509 INFO  [main] o.s.context.support.DefaultLifecycleProcessor.start:343 -Starting beans in phase 2147483647
2018-11-24 17:39:39.535 INFO  [main] o.s.s.annotation.ScheduledAnnotationBeanPostProcessor.finishRegistration:262 -No TaskScheduler/ScheduledExecutorService bean found for scheduled processing
2018-11-24 17:39:39.578 INFO  [main] org.apache.coyote.http11.Http11NioProtocol.log:179 -Initializing ProtocolHandler ["http-nio-8082"]
2018-11-24 17:39:39.612 INFO  [main] org.apache.coyote.http11.Http11NioProtocol.log:179 -Starting ProtocolHandler ["http-nio-8082"]
2018-11-24 17:39:39.634 INFO  [main] org.apache.tomcat.util.net.NioSelectorPool.log:179 -Using a shared selector for servlet write/read
2018-11-24 17:39:39.690 INFO  [main] o.s.b.c.embedded.tomcat.TomcatEmbeddedServletContainer.start:201 -Tomcat started on port(s): 8082 (http)
2018-11-24 17:39:46.549 INFO  [http-nio-8081-exec-8] o.a.c.core.ContainerBase.[Tomcat].[localhost].[/tgc].log:179 -Initializing Spring FrameworkServlet 'dispatcherServlet'
2018-11-24 17:39:46.552 INFO  [http-nio-8081-exec-8] org.springframework.web.servlet.DispatcherServlet.initServletBean:489 -FrameworkServlet 'dispatcherServlet': initialization started
2018-11-24 17:39:46.603 INFO  [http-nio-8081-exec-8] org.springframework.web.servlet.DispatcherServlet.initServletBean:508 -FrameworkServlet 'dispatcherServlet': initialization completed in 48 ms
2018-11-24 17:39:46.802 INFO  [http-nio-8080-exec-6] o.a.c.core.ContainerBase.[Tomcat].[localhost].[/tgc].log:179 -Initializing Spring FrameworkServlet 'dispatcherServlet'
2018-11-24 17:39:46.947 INFO  [http-nio-8080-exec-6] org.springframework.web.servlet.DispatcherServlet.initServletBean:489 -FrameworkServlet 'dispatcherServlet': initialization started
2018-11-24 17:39:47.557 INFO  [http-nio-8080-exec-6] org.springframework.web.servlet.DispatcherServlet.initServletBean:508 -FrameworkServlet 'dispatcherServlet': initialization completed in 502 ms
2018-11-24 17:39:49.893 INFO  [http-nio-8082-exec-2] o.a.c.core.ContainerBase.[Tomcat].[localhost].[/tgc].log:179 -Initializing Spring FrameworkServlet 'dispatcherServlet'
2018-11-24 17:39:49.898 INFO  [http-nio-8082-exec-2] org.springframework.web.servlet.DispatcherServlet.initServletBean:489 -FrameworkServlet 'dispatcherServlet': initialization started
2018-11-24 17:39:49.976 INFO  [http-nio-8082-exec-2] org.springframework.web.servlet.DispatcherServlet.initServletBean:508 -FrameworkServlet 'dispatcherServlet': initialization completed in 73 ms
2018-11-24 17:40:06.020 INFO  [http-nio-8082-exec-5] com.alibaba.druid.pool.DruidDataSource.init:669 -{dataSource-1} inited
