2018-11-24 17:03:10.151 INFO [main]com.tgc.RunApp.logStarting:48 -Starting RunApp v0.0.1-SNAPSHOT on PC-20150308DPSB with PID 12416 (G:\project\thymeleaf_distribute\package\springboot-thymeleaf-learn.jar started by Administrator in G:\project\thymeleaf_distribute)
2018-11-24 17:03:10.165 INFO [main]com.tgc.RunApp.logStartupProfileInfo:593 -No active profile set, falling back to default profiles: default
2018-11-24 17:03:17.262 INFO [localhost-startStop-1]com.tgc.config.DruidConfiguration.druidServlet:35 -init Druid Servlet Configuration 
2018-11-24 17:03:23.703 INFO [main]com.tgc.RunApp.logStarted:57 -Started RunApp in 14.692 seconds (JVM running for 16.359)
2018-11-24 17:03:28.501 INFO [pool-2-thread-1]com.tgc.config.DruidLogTask.log:39 -===============已重启，重启时间是2018-11-24T17:03:28.501，开始新的记录===============
2018-11-24 17:03:28.859 INFO [pool-2-thread-1]com.tgc.config.DruidLogTask.log:78 -Druid监控定时记录，allResult==={"/basic.json":{"Content":{"JavaClassPath":"package/springboot-thymeleaf-learn.jar","Drivers":["com.alibaba.druid.proxy.DruidDriver","com.alibaba.druid.mock.MockDriver","com.mysql.jdbc.Driver","com.mysql.fabric.jdbc.FabricMySQLDriver"],"Version":"1.0.15","JavaVMName":"Java HotSpot(TM) 64-Bit Server VM","StartTime":"2018-11-24 17:03:07","ResetCount":0,"JavaVersion":"1.8.0_31","ResetEnable":true},"ResultCode":1},"/datasource.json":{"Content":[],"ResultCode":1},"/sql.json":{"ResultCode":1},"/wall.json":{"Content":{},"ResultCode":1},"/webapp.json":{"Content":[{"JdbcExecuteTimeMillis":0,"BrowserOperaCount":0,"OSLinuxCount":0,"OSAndroid20Count":0,"BotSogouCount":0,"BotYoudaoCount":0,"OSMacOSXCount":0,"OSAndroid43Count":0,"RequestCount":0,"DeviceIpadCount":0,"ContextPath":"/tgc","OSLinuxUbuntuCount":0,"JdbcCommitCount":0,"BotBaiduCount":0,"BotBingCount":0,"BotSosoCount":0,"OSAndroid21Count":0,"OSSymbianCount":0,"BotCount":0,"ConcurrentMax":0,"BrowserIECount":0,"DeviceWindowsPhoneCount":0,"OSWindows98Count":0,"JdbcExecuteCount":0,"BrowserIE6Count":0,"OSWindows7Count":0,"BrowserIE9Count":0,"JdbcUpdateCount":0,"BotYahooCount":0,"OSAndroid31Count":0,"BrowserIE10Count":0,"OSAndroid42Count":0,"BotMsnCount":0,"OSAndroid23Count":0,"OSOpenBSDCount":0,"BrowserIE8Count":0,"OSAndroid15Count":0,"BotGoogleCount":0,"Browser360SECount":0,"OSWindowsXPCount":0,"BrowserSafariCount":0,"BrowserFirefoxCount":0,"JdbcFetchRowCount":0,"OSAndroid32Count":0,"BrowserIE7Count":0,"OSWindows2000Count":0,"OSAndroid40Count":0,"OSWindows8Count":0,"OSFreeBSDCount":0,"OSAndroid41Count":0,"RunningCount":0,"OSAndroid16Count":0,"JdbcRollbackCount":0,"OSAndroid22Count":0,"OSAndroidCount":0,"OSAndroid30Count":0,"SessionCount":0,"DeviceAndroidCount":0,"DeviceIphoneCount":0,"BrowserChromeCount":0,"OSWindowsVistaCount":0,"OSWindowsCount":0,"BrowserIE5Count":0}],"ResultCode":1},"/weburi.json":{"ResultCode":1},"/websession.json":{"ResultCode":1},"/spring.json":{"ResultCode":1}}
2018-11-24 17:03:48.896 INFO [pool-2-thread-1]com.tgc.config.DruidLogTask.log:78 -Druid监控定时记录，allResult==={"/basic.json":{"Content":{"JavaClassPath":"package/springboot-thymeleaf-learn.jar","Drivers":["com.alibaba.druid.proxy.DruidDriver","com.alibaba.druid.mock.MockDriver","com.mysql.jdbc.Driver","com.mysql.fabric.jdbc.FabricMySQLDriver"],"Version":"1.0.15","JavaVMName":"Java HotSpot(TM) 64-Bit Server VM","StartTime":"2018-11-24 17:03:07","ResetCount":0,"JavaVersion":"1.8.0_31","ResetEnable":true},"ResultCode":1},"/datasource.json":{"Content":[],"ResultCode":1},"/sql.json":{"ResultCode":1},"/wall.json":{"Content":{},"ResultCode":1},"/webapp.json":{"Content":[{"JdbcExecuteTimeMillis":0,"BrowserOperaCount":0,"OSLinuxCount":0,"OSAndroid20Count":0,"BotSogouCount":0,"BotYoudaoCount":0,"OSMacOSXCount":0,"OSAndroid43Count":0,"RequestCount":0,"DeviceIpadCount":0,"ContextPath":"/tgc","OSLinuxUbuntuCount":0,"JdbcCommitCount":0,"BotBaiduCount":0,"BotBingCount":0,"BotSosoCount":0,"OSAndroid21Count":0,"OSSymbianCount":0,"BotCount":0,"ConcurrentMax":0,"BrowserIECount":0,"DeviceWindowsPhoneCount":0,"OSWindows98Count":0,"JdbcExecuteCount":0,"BrowserIE6Count":0,"OSWindows7Count":0,"BrowserIE9Count":0,"JdbcUpdateCount":0,"BotYahooCount":0,"OSAndroid31Count":0,"BrowserIE10Count":0,"OSAndroid42Count":0,"BotMsnCount":0,"OSAndroid23Count":0,"OSOpenBSDCount":0,"BrowserIE8Count":0,"OSAndroid15Count":0,"BotGoogleCount":0,"Browser360SECount":0,"OSWindowsXPCount":0,"BrowserSafariCount":0,"BrowserFirefoxCount":0,"JdbcFetchRowCount":0,"OSAndroid32Count":0,"BrowserIE7Count":0,"OSWindows2000Count":0,"OSAndroid40Count":0,"OSWindows8Count":0,"OSFreeBSDCount":0,"OSAndroid41Count":0,"RunningCount":0,"OSAndroid16Count":0,"JdbcRollbackCount":0,"OSAndroid22Count":0,"OSAndroidCount":0,"OSAndroid30Count":0,"SessionCount":0,"DeviceAndroidCount":0,"DeviceIphoneCount":0,"BrowserChromeCount":0,"OSWindowsVistaCount":0,"OSWindowsCount":0,"BrowserIE5Count":0}],"ResultCode":1},"/weburi.json":{"ResultCode":1},"/websession.json":{"ResultCode":1},"/spring.json":{"ResultCode":1}}
2018-11-24 17:04:08.931 INFO [pool-2-thread-1]com.tgc.config.DruidLogTask.log:78 -Druid监控定时记录，allResult==={"/basic.json":{"Content":{"JavaClassPath":"package/springboot-thymeleaf-learn.jar","Drivers":["com.alibaba.druid.proxy.DruidDriver","com.alibaba.druid.mock.MockDriver","com.mysql.jdbc.Driver","com.mysql.fabric.jdbc.FabricMySQLDriver"],"Version":"1.0.15","JavaVMName":"Java HotSpot(TM) 64-Bit Server VM","StartTime":"2018-11-24 17:03:07","ResetCount":0,"JavaVersion":"1.8.0_31","ResetEnable":true},"ResultCode":1},"/datasource.json":{"Content":[],"ResultCode":1},"/sql.json":{"ResultCode":1},"/wall.json":{"Content":{},"ResultCode":1},"/webapp.json":{"Content":[{"JdbcExecuteTimeMillis":0,"BrowserOperaCount":0,"OSLinuxCount":0,"OSAndroid20Count":0,"BotSogouCount":0,"BotYoudaoCount":0,"OSMacOSXCount":0,"OSAndroid43Count":0,"RequestCount":0,"DeviceIpadCount":0,"ContextPath":"/tgc","OSLinuxUbuntuCount":0,"JdbcCommitCount":0,"BotBaiduCount":0,"BotBingCount":0,"BotSosoCount":0,"OSAndroid21Count":0,"OSSymbianCount":0,"BotCount":0,"ConcurrentMax":0,"BrowserIECount":0,"DeviceWindowsPhoneCount":0,"OSWindows98Count":0,"JdbcExecuteCount":0,"BrowserIE6Count":0,"OSWindows7Count":0,"BrowserIE9Count":0,"JdbcUpdateCount":0,"BotYahooCount":0,"OSAndroid31Count":0,"BrowserIE10Count":0,"OSAndroid42Count":0,"BotMsnCount":0,"OSAndroid23Count":0,"OSOpenBSDCount":0,"BrowserIE8Count":0,"OSAndroid15Count":0,"BotGoogleCount":0,"Browser360SECount":0,"OSWindowsXPCount":0,"BrowserSafariCount":0,"BrowserFirefoxCount":0,"JdbcFetchRowCount":0,"OSAndroid32Count":0,"BrowserIE7Count":0,"OSWindows2000Count":0,"OSAndroid40Count":0,"OSWindows8Count":0,"OSFreeBSDCount":0,"OSAndroid41Count":0,"RunningCount":0,"OSAndroid16Count":0,"JdbcRollbackCount":0,"OSAndroid22Count":0,"OSAndroidCount":0,"OSAndroid30Count":0,"SessionCount":0,"DeviceAndroidCount":0,"DeviceIphoneCount":0,"BrowserChromeCount":0,"OSWindowsVistaCount":0,"OSWindowsCount":0,"BrowserIE5Count":0}],"ResultCode":1},"/weburi.json":{"ResultCode":1},"/websession.json":{"ResultCode":1},"/spring.json":{"ResultCode":1}}
2018-11-24 17:04:28.969 INFO [pool-2-thread-1]com.tgc.config.DruidLogTask.log:78 -Druid监控定时记录，allResult==={"/basic.json":{"Content":{"JavaClassPath":"package/springboot-thymeleaf-learn.jar","Drivers":["com.alibaba.druid.proxy.DruidDriver","com.alibaba.druid.mock.MockDriver","com.mysql.jdbc.Driver","com.mysql.fabric.jdbc.FabricMySQLDriver"],"Version":"1.0.15","JavaVMName":"Java HotSpot(TM) 64-Bit Server VM","StartTime":"2018-11-24 17:03:07","ResetCount":0,"JavaVersion":"1.8.0_31","ResetEnable":true},"ResultCode":1},"/datasource.json":{"Content":[],"ResultCode":1},"/sql.json":{"ResultCode":1},"/wall.json":{"Content":{},"ResultCode":1},"/webapp.json":{"Content":[{"JdbcExecuteTimeMillis":0,"BrowserOperaCount":0,"OSLinuxCount":0,"OSAndroid20Count":0,"BotSogouCount":0,"BotYoudaoCount":0,"OSMacOSXCount":0,"OSAndroid43Count":0,"RequestCount":0,"DeviceIpadCount":0,"ContextPath":"/tgc","OSLinuxUbuntuCount":0,"JdbcCommitCount":0,"BotBaiduCount":0,"BotBingCount":0,"BotSosoCount":0,"OSAndroid21Count":0,"OSSymbianCount":0,"BotCount":0,"ConcurrentMax":0,"BrowserIECount":0,"DeviceWindowsPhoneCount":0,"OSWindows98Count":0,"JdbcExecuteCount":0,"BrowserIE6Count":0,"OSWindows7Count":0,"BrowserIE9Count":0,"JdbcUpdateCount":0,"BotYahooCount":0,"OSAndroid31Count":0,"BrowserIE10Count":0,"OSAndroid42Count":0,"BotMsnCount":0,"OSAndroid23Count":0,"OSOpenBSDCount":0,"BrowserIE8Count":0,"OSAndroid15Count":0,"BotGoogleCount":0,"Browser360SECount":0,"OSWindowsXPCount":0,"BrowserSafariCount":0,"BrowserFirefoxCount":0,"JdbcFetchRowCount":0,"OSAndroid32Count":0,"BrowserIE7Count":0,"OSWindows2000Count":0,"OSAndroid40Count":0,"OSWindows8Count":0,"OSFreeBSDCount":0,"OSAndroid41Count":0,"RunningCount":0,"OSAndroid16Count":0,"JdbcRollbackCount":0,"OSAndroid22Count":0,"OSAndroidCount":0,"OSAndroid30Count":0,"SessionCount":0,"DeviceAndroidCount":0,"DeviceIphoneCount":0,"BrowserChromeCount":0,"OSWindowsVistaCount":0,"OSWindowsCount":0,"BrowserIE5Count":0}],"ResultCode":1},"/weburi.json":{"ResultCode":1},"/websession.json":{"ResultCode":1},"/spring.json":{"ResultCode":1}}
2018-11-24 17:04:49.005 INFO [pool-2-thread-1]com.tgc.config.DruidLogTask.log:78 -Druid监控定时记录，allResult==={"/basic.json":{"Content":{"JavaClassPath":"package/springboot-thymeleaf-learn.jar","Drivers":["com.alibaba.druid.proxy.DruidDriver","com.alibaba.druid.mock.MockDriver","com.mysql.jdbc.Driver","com.mysql.fabric.jdbc.FabricMySQLDriver"],"Version":"1.0.15","JavaVMName":"Java HotSpot(TM) 64-Bit Server VM","StartTime":"2018-11-24 17:03:07","ResetCount":0,"JavaVersion":"1.8.0_31","ResetEnable":true},"ResultCode":1},"/datasource.json":{"Content":[],"ResultCode":1},"/sql.json":{"ResultCode":1},"/wall.json":{"Content":{},"ResultCode":1},"/webapp.json":{"Content":[{"JdbcExecuteTimeMillis":0,"BrowserOperaCount":0,"OSLinuxCount":0,"OSAndroid20Count":0,"BotSogouCount":0,"BotYoudaoCount":0,"OSMacOSXCount":0,"OSAndroid43Count":0,"RequestCount":0,"DeviceIpadCount":0,"ContextPath":"/tgc","OSLinuxUbuntuCount":0,"JdbcCommitCount":0,"BotBaiduCount":0,"BotBingCount":0,"BotSosoCount":0,"OSAndroid21Count":0,"OSSymbianCount":0,"BotCount":0,"ConcurrentMax":0,"BrowserIECount":0,"DeviceWindowsPhoneCount":0,"OSWindows98Count":0,"JdbcExecuteCount":0,"BrowserIE6Count":0,"OSWindows7Count":0,"BrowserIE9Count":0,"JdbcUpdateCount":0,"BotYahooCount":0,"OSAndroid31Count":0,"BrowserIE10Count":0,"OSAndroid42Count":0,"BotMsnCount":0,"OSAndroid23Count":0,"OSOpenBSDCount":0,"BrowserIE8Count":0,"OSAndroid15Count":0,"BotGoogleCount":0,"Browser360SECount":0,"OSWindowsXPCount":0,"BrowserSafariCount":0,"BrowserFirefoxCount":0,"JdbcFetchRowCount":0,"OSAndroid32Count":0,"BrowserIE7Count":0,"OSWindows2000Count":0,"OSAndroid40Count":0,"OSWindows8Count":0,"OSFreeBSDCount":0,"OSAndroid41Count":0,"RunningCount":0,"OSAndroid16Count":0,"JdbcRollbackCount":0,"OSAndroid22Count":0,"OSAndroidCount":0,"OSAndroid30Count":0,"SessionCount":0,"DeviceAndroidCount":0,"DeviceIphoneCount":0,"BrowserChromeCount":0,"OSWindowsVistaCount":0,"OSWindowsCount":0,"BrowserIE5Count":0}],"ResultCode":1},"/weburi.json":{"ResultCode":1},"/websession.json":{"ResultCode":1},"/spring.json":{"ResultCode":1}}
2018-11-24 17:05:09.039 INFO [pool-2-thread-1]com.tgc.config.DruidLogTask.log:78 -Druid监控定时记录，allResult==={"/basic.json":{"Content":{"JavaClassPath":"package/springboot-thymeleaf-learn.jar","Drivers":["com.alibaba.druid.proxy.DruidDriver","com.alibaba.druid.mock.MockDriver","com.mysql.jdbc.Driver","com.mysql.fabric.jdbc.FabricMySQLDriver"],"Version":"1.0.15","JavaVMName":"Java HotSpot(TM) 64-Bit Server VM","StartTime":"2018-11-24 17:03:07","ResetCount":0,"JavaVersion":"1.8.0_31","ResetEnable":true},"ResultCode":1},"/datasource.json":{"Content":[],"ResultCode":1},"/sql.json":{"ResultCode":1},"/wall.json":{"Content":{},"ResultCode":1},"/webapp.json":{"Content":[{"JdbcExecuteTimeMillis":0,"BrowserOperaCount":0,"OSLinuxCount":0,"OSAndroid20Count":0,"BotSogouCount":0,"BotYoudaoCount":0,"OSMacOSXCount":0,"OSAndroid43Count":0,"RequestCount":0,"DeviceIpadCount":0,"ContextPath":"/tgc","OSLinuxUbuntuCount":0,"JdbcCommitCount":0,"BotBaiduCount":0,"BotBingCount":0,"BotSosoCount":0,"OSAndroid21Count":0,"OSSymbianCount":0,"BotCount":0,"ConcurrentMax":0,"BrowserIECount":0,"DeviceWindowsPhoneCount":0,"OSWindows98Count":0,"JdbcExecuteCount":0,"BrowserIE6Count":0,"OSWindows7Count":0,"BrowserIE9Count":0,"JdbcUpdateCount":0,"BotYahooCount":0,"OSAndroid31Count":0,"BrowserIE10Count":0,"OSAndroid42Count":0,"BotMsnCount":0,"OSAndroid23Count":0,"OSOpenBSDCount":0,"BrowserIE8Count":0,"OSAndroid15Count":0,"BotGoogleCount":0,"Browser360SECount":0,"OSWindowsXPCount":0,"BrowserSafariCount":0,"BrowserFirefoxCount":0,"JdbcFetchRowCount":0,"OSAndroid32Count":0,"BrowserIE7Count":0,"OSWindows2000Count":0,"OSAndroid40Count":0,"OSWindows8Count":0,"OSFreeBSDCount":0,"OSAndroid41Count":0,"RunningCount":0,"OSAndroid16Count":0,"JdbcRollbackCount":0,"OSAndroid22Count":0,"OSAndroidCount":0,"OSAndroid30Count":0,"SessionCount":0,"DeviceAndroidCount":0,"DeviceIphoneCount":0,"BrowserChromeCount":0,"OSWindowsVistaCount":0,"OSWindowsCount":0,"BrowserIE5Count":0}],"ResultCode":1},"/weburi.json":{"ResultCode":1},"/websession.json":{"ResultCode":1},"/spring.json":{"ResultCode":1}}
2018-11-24 17:05:29.075 INFO [pool-2-thread-1]com.tgc.config.DruidLogTask.log:78 -Druid监控定时记录，allResult==={"/basic.json":{"Content":{"JavaClassPath":"package/springboot-thymeleaf-learn.jar","Drivers":["com.alibaba.druid.proxy.DruidDriver","com.alibaba.druid.mock.MockDriver","com.mysql.jdbc.Driver","com.mysql.fabric.jdbc.FabricMySQLDriver"],"Version":"1.0.15","JavaVMName":"Java HotSpot(TM) 64-Bit Server VM","StartTime":"2018-11-24 17:03:07","ResetCount":0,"JavaVersion":"1.8.0_31","ResetEnable":true},"ResultCode":1},"/datasource.json":{"Content":[],"ResultCode":1},"/sql.json":{"ResultCode":1},"/wall.json":{"Content":{},"ResultCode":1},"/webapp.json":{"Content":[{"JdbcExecuteTimeMillis":0,"BrowserOperaCount":0,"OSLinuxCount":0,"OSAndroid20Count":0,"BotSogouCount":0,"BotYoudaoCount":0,"OSMacOSXCount":0,"OSAndroid43Count":0,"RequestCount":0,"DeviceIpadCount":0,"ContextPath":"/tgc","OSLinuxUbuntuCount":0,"JdbcCommitCount":0,"BotBaiduCount":0,"BotBingCount":0,"BotSosoCount":0,"OSAndroid21Count":0,"OSSymbianCount":0,"BotCount":0,"ConcurrentMax":0,"BrowserIECount":0,"DeviceWindowsPhoneCount":0,"OSWindows98Count":0,"JdbcExecuteCount":0,"BrowserIE6Count":0,"OSWindows7Count":0,"BrowserIE9Count":0,"JdbcUpdateCount":0,"BotYahooCount":0,"OSAndroid31Count":0,"BrowserIE10Count":0,"OSAndroid42Count":0,"BotMsnCount":0,"OSAndroid23Count":0,"OSOpenBSDCount":0,"BrowserIE8Count":0,"OSAndroid15Count":0,"BotGoogleCount":0,"Browser360SECount":0,"OSWindowsXPCount":0,"BrowserSafariCount":0,"BrowserFirefoxCount":0,"JdbcFetchRowCount":0,"OSAndroid32Count":0,"BrowserIE7Count":0,"OSWindows2000Count":0,"OSAndroid40Count":0,"OSWindows8Count":0,"OSFreeBSDCount":0,"OSAndroid41Count":0,"RunningCount":0,"OSAndroid16Count":0,"JdbcRollbackCount":0,"OSAndroid22Count":0,"OSAndroidCount":0,"OSAndroid30Count":0,"SessionCount":0,"DeviceAndroidCount":0,"DeviceIphoneCount":0,"BrowserChromeCount":0,"OSWindowsVistaCount":0,"OSWindowsCount":0,"BrowserIE5Count":0}],"ResultCode":1},"/weburi.json":{"ResultCode":1},"/websession.json":{"ResultCode":1},"/spring.json":{"ResultCode":1}}
2018-11-24 17:05:49.110 INFO [pool-2-thread-1]com.tgc.config.DruidLogTask.log:78 -Druid监控定时记录，allResult==={"/basic.json":{"Content":{"JavaClassPath":"package/springboot-thymeleaf-learn.jar","Drivers":["com.alibaba.druid.proxy.DruidDriver","com.alibaba.druid.mock.MockDriver","com.mysql.jdbc.Driver","com.mysql.fabric.jdbc.FabricMySQLDriver"],"Version":"1.0.15","JavaVMName":"Java HotSpot(TM) 64-Bit Server VM","StartTime":"2018-11-24 17:03:07","ResetCount":0,"JavaVersion":"1.8.0_31","ResetEnable":true},"ResultCode":1},"/datasource.json":{"Content":[],"ResultCode":1},"/sql.json":{"ResultCode":1},"/wall.json":{"Content":{},"ResultCode":1},"/webapp.json":{"Content":[{"JdbcExecuteTimeMillis":0,"BrowserOperaCount":0,"OSLinuxCount":0,"OSAndroid20Count":0,"BotSogouCount":0,"BotYoudaoCount":0,"OSMacOSXCount":0,"OSAndroid43Count":0,"RequestCount":0,"DeviceIpadCount":0,"ContextPath":"/tgc","OSLinuxUbuntuCount":0,"JdbcCommitCount":0,"BotBaiduCount":0,"BotBingCount":0,"BotSosoCount":0,"OSAndroid21Count":0,"OSSymbianCount":0,"BotCount":0,"ConcurrentMax":0,"BrowserIECount":0,"DeviceWindowsPhoneCount":0,"OSWindows98Count":0,"JdbcExecuteCount":0,"BrowserIE6Count":0,"OSWindows7Count":0,"BrowserIE9Count":0,"JdbcUpdateCount":0,"BotYahooCount":0,"OSAndroid31Count":0,"BrowserIE10Count":0,"OSAndroid42Count":0,"BotMsnCount":0,"OSAndroid23Count":0,"OSOpenBSDCount":0,"BrowserIE8Count":0,"OSAndroid15Count":0,"BotGoogleCount":0,"Browser360SECount":0,"OSWindowsXPCount":0,"BrowserSafariCount":0,"BrowserFirefoxCount":0,"JdbcFetchRowCount":0,"OSAndroid32Count":0,"BrowserIE7Count":0,"OSWindows2000Count":0,"OSAndroid40Count":0,"OSWindows8Count":0,"OSFreeBSDCount":0,"OSAndroid41Count":0,"RunningCount":0,"OSAndroid16Count":0,"JdbcRollbackCount":0,"OSAndroid22Count":0,"OSAndroidCount":0,"OSAndroid30Count":0,"SessionCount":0,"DeviceAndroidCount":0,"DeviceIphoneCount":0,"BrowserChromeCount":0,"OSWindowsVistaCount":0,"OSWindowsCount":0,"BrowserIE5Count":0}],"ResultCode":1},"/weburi.json":{"ResultCode":1},"/websession.json":{"ResultCode":1},"/spring.json":{"ResultCode":1}}
2018-11-24 17:06:09.145 INFO [pool-2-thread-1]com.tgc.config.DruidLogTask.log:78 -Druid监控定时记录，allResult==={"/basic.json":{"Content":{"JavaClassPath":"package/springboot-thymeleaf-learn.jar","Drivers":["com.alibaba.druid.proxy.DruidDriver","com.alibaba.druid.mock.MockDriver","com.mysql.jdbc.Driver","com.mysql.fabric.jdbc.FabricMySQLDriver"],"Version":"1.0.15","JavaVMName":"Java HotSpot(TM) 64-Bit Server VM","StartTime":"2018-11-24 17:03:07","ResetCount":0,"JavaVersion":"1.8.0_31","ResetEnable":true},"ResultCode":1},"/datasource.json":{"Content":[],"ResultCode":1},"/sql.json":{"ResultCode":1},"/wall.json":{"Content":{},"ResultCode":1},"/webapp.json":{"Content":[{"JdbcExecuteTimeMillis":0,"BrowserOperaCount":0,"OSLinuxCount":0,"OSAndroid20Count":0,"BotSogouCount":0,"BotYoudaoCount":0,"OSMacOSXCount":0,"OSAndroid43Count":0,"RequestCount":0,"DeviceIpadCount":0,"ContextPath":"/tgc","OSLinuxUbuntuCount":0,"JdbcCommitCount":0,"BotBaiduCount":0,"BotBingCount":0,"BotSosoCount":0,"OSAndroid21Count":0,"OSSymbianCount":0,"BotCount":0,"ConcurrentMax":0,"BrowserIECount":0,"DeviceWindowsPhoneCount":0,"OSWindows98Count":0,"JdbcExecuteCount":0,"BrowserIE6Count":0,"OSWindows7Count":0,"BrowserIE9Count":0,"JdbcUpdateCount":0,"BotYahooCount":0,"OSAndroid31Count":0,"BrowserIE10Count":0,"OSAndroid42Count":0,"BotMsnCount":0,"OSAndroid23Count":0,"OSOpenBSDCount":0,"BrowserIE8Count":0,"OSAndroid15Count":0,"BotGoogleCount":0,"Browser360SECount":0,"OSWindowsXPCount":0,"BrowserSafariCount":0,"BrowserFirefoxCount":0,"JdbcFetchRowCount":0,"OSAndroid32Count":0,"BrowserIE7Count":0,"OSWindows2000Count":0,"OSAndroid40Count":0,"OSWindows8Count":0,"OSFreeBSDCount":0,"OSAndroid41Count":0,"RunningCount":0,"OSAndroid16Count":0,"JdbcRollbackCount":0,"OSAndroid22Count":0,"OSAndroidCount":0,"OSAndroid30Count":0,"SessionCount":0,"DeviceAndroidCount":0,"DeviceIphoneCount":0,"BrowserChromeCount":0,"OSWindowsVistaCount":0,"OSWindowsCount":0,"BrowserIE5Count":0}],"ResultCode":1},"/weburi.json":{"ResultCode":1},"/websession.json":{"ResultCode":1},"/spring.json":{"ResultCode":1}}
2018-11-24 17:06:29.179 INFO [pool-2-thread-1]com.tgc.config.DruidLogTask.log:78 -Druid监控定时记录，allResult==={"/basic.json":{"Content":{"JavaClassPath":"package/springboot-thymeleaf-learn.jar","Drivers":["com.alibaba.druid.proxy.DruidDriver","com.alibaba.druid.mock.MockDriver","com.mysql.jdbc.Driver","com.mysql.fabric.jdbc.FabricMySQLDriver"],"Version":"1.0.15","JavaVMName":"Java HotSpot(TM) 64-Bit Server VM","StartTime":"2018-11-24 17:03:07","ResetCount":0,"JavaVersion":"1.8.0_31","ResetEnable":true},"ResultCode":1},"/datasource.json":{"Content":[],"ResultCode":1},"/sql.json":{"ResultCode":1},"/wall.json":{"Content":{},"ResultCode":1},"/webapp.json":{"Content":[{"JdbcExecuteTimeMillis":0,"BrowserOperaCount":0,"OSLinuxCount":0,"OSAndroid20Count":0,"BotSogouCount":0,"BotYoudaoCount":0,"OSMacOSXCount":0,"OSAndroid43Count":0,"RequestCount":0,"DeviceIpadCount":0,"ContextPath":"/tgc","OSLinuxUbuntuCount":0,"JdbcCommitCount":0,"BotBaiduCount":0,"BotBingCount":0,"BotSosoCount":0,"OSAndroid21Count":0,"OSSymbianCount":0,"BotCount":0,"ConcurrentMax":0,"BrowserIECount":0,"DeviceWindowsPhoneCount":0,"OSWindows98Count":0,"JdbcExecuteCount":0,"BrowserIE6Count":0,"OSWindows7Count":0,"BrowserIE9Count":0,"JdbcUpdateCount":0,"BotYahooCount":0,"OSAndroid31Count":0,"BrowserIE10Count":0,"OSAndroid42Count":0,"BotMsnCount":0,"OSAndroid23Count":0,"OSOpenBSDCount":0,"BrowserIE8Count":0,"OSAndroid15Count":0,"BotGoogleCount":0,"Browser360SECount":0,"OSWindowsXPCount":0,"BrowserSafariCount":0,"BrowserFirefoxCount":0,"JdbcFetchRowCount":0,"OSAndroid32Count":0,"BrowserIE7Count":0,"OSWindows2000Count":0,"OSAndroid40Count":0,"OSWindows8Count":0,"OSFreeBSDCount":0,"OSAndroid41Count":0,"RunningCount":0,"OSAndroid16Count":0,"JdbcRollbackCount":0,"OSAndroid22Count":0,"OSAndroidCount":0,"OSAndroid30Count":0,"SessionCount":0,"DeviceAndroidCount":0,"DeviceIphoneCount":0,"BrowserChromeCount":0,"OSWindowsVistaCount":0,"OSWindowsCount":0,"BrowserIE5Count":0}],"ResultCode":1},"/weburi.json":{"ResultCode":1},"/websession.json":{"ResultCode":1},"/spring.json":{"ResultCode":1}}
2018-11-24 17:06:49.214 INFO [pool-2-thread-1]com.tgc.config.DruidLogTask.log:78 -Druid监控定时记录，allResult==={"/basic.json":{"Content":{"JavaClassPath":"package/springboot-thymeleaf-learn.jar","Drivers":["com.alibaba.druid.proxy.DruidDriver","com.alibaba.druid.mock.MockDriver","com.mysql.jdbc.Driver","com.mysql.fabric.jdbc.FabricMySQLDriver"],"Version":"1.0.15","JavaVMName":"Java HotSpot(TM) 64-Bit Server VM","StartTime":"2018-11-24 17:03:07","ResetCount":0,"JavaVersion":"1.8.0_31","ResetEnable":true},"ResultCode":1},"/datasource.json":{"Content":[],"ResultCode":1},"/sql.json":{"ResultCode":1},"/wall.json":{"Content":{},"ResultCode":1},"/webapp.json":{"Content":[{"JdbcExecuteTimeMillis":0,"BrowserOperaCount":0,"OSLinuxCount":0,"OSAndroid20Count":0,"BotSogouCount":0,"BotYoudaoCount":0,"OSMacOSXCount":0,"OSAndroid43Count":0,"RequestCount":0,"DeviceIpadCount":0,"ContextPath":"/tgc","OSLinuxUbuntuCount":0,"JdbcCommitCount":0,"BotBaiduCount":0,"BotBingCount":0,"BotSosoCount":0,"OSAndroid21Count":0,"OSSymbianCount":0,"BotCount":0,"ConcurrentMax":0,"BrowserIECount":0,"DeviceWindowsPhoneCount":0,"OSWindows98Count":0,"JdbcExecuteCount":0,"BrowserIE6Count":0,"OSWindows7Count":0,"BrowserIE9Count":0,"JdbcUpdateCount":0,"BotYahooCount":0,"OSAndroid31Count":0,"BrowserIE10Count":0,"OSAndroid42Count":0,"BotMsnCount":0,"OSAndroid23Count":0,"OSOpenBSDCount":0,"BrowserIE8Count":0,"OSAndroid15Count":0,"BotGoogleCount":0,"Browser360SECount":0,"OSWindowsXPCount":0,"BrowserSafariCount":0,"BrowserFirefoxCount":0,"JdbcFetchRowCount":0,"OSAndroid32Count":0,"BrowserIE7Count":0,"OSWindows2000Count":0,"OSAndroid40Count":0,"OSWindows8Count":0,"OSFreeBSDCount":0,"OSAndroid41Count":0,"RunningCount":0,"OSAndroid16Count":0,"JdbcRollbackCount":0,"OSAndroid22Count":0,"OSAndroidCount":0,"OSAndroid30Count":0,"SessionCount":0,"DeviceAndroidCount":0,"DeviceIphoneCount":0,"BrowserChromeCount":0,"OSWindowsVistaCount":0,"OSWindowsCount":0,"BrowserIE5Count":0}],"ResultCode":1},"/weburi.json":{"ResultCode":1},"/websession.json":{"ResultCode":1},"/spring.json":{"ResultCode":1}}
2018-11-24 17:14:35.199 INFO [main]com.tgc.RunApp.logStarting:48 -Starting RunApp v0.0.1-SNAPSHOT on PC-20150308DPSB with PID 14924 (G:\project\thymeleaf_distribute\package\springboot-thymeleaf-learn.jar started by Administrator in G:\project\thymeleaf_distribute)
2018-11-24 17:14:35.216 INFO [main]com.tgc.RunApp.logStartupProfileInfo:593 -No active profile set, falling back to default profiles: default
2018-11-24 17:14:37.477 INFO [main]com.tgc.RunApp.logStarting:48 -Starting RunApp v0.0.1-SNAPSHOT on PC-20150308DPSB with PID 4684 (G:\project\thymeleaf_distribute\package\springboot-thymeleaf-learn.jar started by Administrator in G:\project\thymeleaf_distribute)
2018-11-24 17:14:37.496 INFO [main]com.tgc.RunApp.logStartupProfileInfo:593 -No active profile set, falling back to default profiles: default
2018-11-24 17:14:46.543 INFO [main]com.tgc.RunApp.logStarting:48 -Starting RunApp v0.0.1-SNAPSHOT on PC-20150308DPSB with PID 11336 (G:\project\thymeleaf_distribute\package\springboot-thymeleaf-learn.jar started by Administrator in G:\project\thymeleaf_distribute)
2018-11-24 17:14:46.641 INFO [main]com.tgc.RunApp.logStartupProfileInfo:593 -No active profile set, falling back to default profiles: default
2018-11-24 17:14:52.847 INFO [localhost-startStop-1]com.tgc.config.DruidConfiguration.druidServlet:35 -init Druid Servlet Configuration 
2018-11-24 17:14:54.862 INFO [localhost-startStop-1]com.tgc.config.DruidConfiguration.druidServlet:35 -init Druid Servlet Configuration 
2018-11-24 17:15:03.815 INFO [main]com.tgc.RunApp.logStarted:57 -Started RunApp in 28.784 seconds (JVM running for 32.011)
2018-11-24 17:15:17.088 INFO [main]com.tgc.RunApp.logStarted:57 -Started RunApp in 44.106 seconds (JVM running for 46.42)
2018-11-24 17:15:17.544 INFO [localhost-startStop-1]com.tgc.config.DruidConfiguration.druidServlet:35 -init Druid Servlet Configuration 
2018-11-24 17:15:24.532 INFO [main]com.tgc.RunApp.logStarted:57 -Started RunApp in 41.419 seconds (JVM running for 45.144)
2018-11-24 17:23:43.249 INFO [http-nio-8082-exec-1]com.tgc.aop.WebLogAspect.doBefore:33 -#####################请求开始####################
2018-11-24 17:23:43.254 INFO [http-nio-8082-exec-1]com.tgc.aop.WebLogAspect.doBefore:35 -URL : http://localhost/tgc/login/to_login
2018-11-24 17:23:43.257 INFO [http-nio-8082-exec-1]com.tgc.aop.WebLogAspect.doBefore:36 -HTTP_METHOD : GET
2018-11-24 17:23:43.260 INFO [http-nio-8082-exec-1]com.tgc.aop.WebLogAspect.doBefore:37 -IP : 0:0:0:0:0:0:0:1
2018-11-24 17:23:43.306 INFO [http-nio-8082-exec-1]com.tgc.aop.WebLogAspect.doAfterReturning:49 -RESPONSE : login
2018-11-24 17:23:43.317 INFO [http-nio-8082-exec-1]com.tgc.aop.WebLogAspect.doAfterReturning:50 -#####################请求结束####################
2018-11-24 17:23:47.567 INFO [http-nio-8081-exec-1]com.tgc.aop.WebLogAspect.doBefore:33 -#####################请求开始####################
2018-11-24 17:23:47.763 INFO [http-nio-8081-exec-1]com.tgc.aop.WebLogAspect.doBefore:35 -URL : http://localhost/tgc/login/to_login
2018-11-24 17:23:47.905 INFO [http-nio-8081-exec-9]com.tgc.aop.WebLogAspect.doBefore:33 -#####################请求开始####################
2018-11-24 17:23:48.036 INFO [http-nio-8081-exec-1]com.tgc.aop.WebLogAspect.doBefore:36 -HTTP_METHOD : GET
2018-11-24 17:23:48.135 INFO [http-nio-8081-exec-9]com.tgc.aop.WebLogAspect.doBefore:35 -URL : http://localhost/tgc/login/to_login
2018-11-24 17:23:48.160 INFO [http-nio-8081-exec-9]com.tgc.aop.WebLogAspect.doBefore:36 -HTTP_METHOD : GET
2018-11-24 17:23:48.156 INFO [http-nio-8081-exec-1]com.tgc.aop.WebLogAspect.doBefore:37 -IP : 127.0.0.1
2018-11-24 17:23:48.508 INFO [http-nio-8081-exec-1]com.tgc.aop.WebLogAspect.doAfterReturning:49 -RESPONSE : login
2018-11-24 17:23:48.523 INFO [http-nio-8081-exec-1]com.tgc.aop.WebLogAspect.doAfterReturning:50 -#####################请求结束####################
2018-11-24 17:23:48.236 INFO [http-nio-8081-exec-9]com.tgc.aop.WebLogAspect.doBefore:37 -IP : 0:0:0:0:0:0:0:1
2018-11-24 17:23:48.540 INFO [http-nio-8081-exec-9]com.tgc.aop.WebLogAspect.doAfterReturning:49 -RESPONSE : login
2018-11-24 17:23:48.545 INFO [http-nio-8081-exec-9]com.tgc.aop.WebLogAspect.doAfterReturning:50 -#####################请求结束####################
2018-11-24 17:23:51.262 INFO [http-nio-8082-exec-2]com.tgc.aop.WebLogAspect.doBefore:33 -#####################请求开始####################
2018-11-24 17:23:52.170 INFO [http-nio-8082-exec-2]com.tgc.aop.WebLogAspect.doBefore:35 -URL : http://localhost/tgc/login/to_login
2018-11-24 17:23:52.177 INFO [http-nio-8082-exec-2]com.tgc.aop.WebLogAspect.doBefore:36 -HTTP_METHOD : GET
2018-11-24 17:23:52.401 INFO [http-nio-8082-exec-2]com.tgc.aop.WebLogAspect.doBefore:37 -IP : 127.0.0.1
2018-11-24 17:23:52.644 INFO [http-nio-8082-exec-2]com.tgc.aop.WebLogAspect.doAfterReturning:49 -RESPONSE : login
2018-11-24 17:23:52.758 INFO [http-nio-8082-exec-2]com.tgc.aop.WebLogAspect.doAfterReturning:50 -#####################请求结束####################
2018-11-24 17:24:14.302 INFO [http-nio-8080-exec-2]com.tgc.aop.WebLogAspect.doBefore:33 -#####################请求开始####################
2018-11-24 17:24:14.305 INFO [http-nio-8080-exec-2]com.tgc.aop.WebLogAspect.doBefore:35 -URL : http://localhost/tgc/login/do_login
2018-11-24 17:24:14.309 INFO [http-nio-8080-exec-2]com.tgc.aop.WebLogAspect.doBefore:36 -HTTP_METHOD : POST
2018-11-24 17:24:14.311 INFO [http-nio-8080-exec-2]com.tgc.aop.WebLogAspect.doBefore:37 -IP : 127.0.0.1
2018-11-24 17:24:14.313 INFO [http-nio-8080-exec-2]com.tgc.aop.WebLogAspect.doBefore:41 -name:{username},value:{tgc}
2018-11-24 17:24:14.316 INFO [http-nio-8080-exec-2]com.tgc.aop.WebLogAspect.doBefore:41 -name:{password},value:{123}
2018-11-24 17:24:14.710 INFO [http-nio-8080-exec-2]com.tgc.aop.WebLogAspect.doAfterReturning:49 -RESPONSE : com.tgc.controller.result.Result@68479c03
2018-11-24 17:24:14.713 INFO [http-nio-8080-exec-2]com.tgc.aop.WebLogAspect.doAfterReturning:50 -#####################请求结束####################
2018-11-24 17:24:15.648 INFO [http-nio-8080-exec-1]com.tgc.aop.WebLogAspect.doBefore:33 -#####################请求开始####################
2018-11-24 17:24:15.654 INFO [http-nio-8080-exec-1]com.tgc.aop.WebLogAspect.doBefore:35 -URL : http://localhost/tgc/index
2018-11-24 17:24:15.662 INFO [http-nio-8080-exec-1]com.tgc.aop.WebLogAspect.doBefore:36 -HTTP_METHOD : GET
2018-11-24 17:24:15.667 INFO [http-nio-8080-exec-1]com.tgc.aop.WebLogAspect.doBefore:37 -IP : 0:0:0:0:0:0:0:1
2018-11-24 17:24:15.692 INFO [http-nio-8080-exec-1]com.tgc.aop.WebLogAspect.doAfterReturning:49 -RESPONSE : index
2018-11-24 17:24:15.698 INFO [http-nio-8080-exec-1]com.tgc.aop.WebLogAspect.doAfterReturning:50 -#####################请求结束####################
2018-11-24 17:24:22.412 INFO [http-nio-8082-exec-7]com.tgc.aop.WebLogAspect.doBefore:33 -#####################请求开始####################
2018-11-24 17:24:22.416 INFO [http-nio-8082-exec-7]com.tgc.aop.WebLogAspect.doBefore:35 -URL : http://localhost/tgc/login/to_login
2018-11-24 17:24:22.419 INFO [http-nio-8082-exec-7]com.tgc.aop.WebLogAspect.doBefore:36 -HTTP_METHOD : GET
2018-11-24 17:24:22.421 INFO [http-nio-8082-exec-7]com.tgc.aop.WebLogAspect.doBefore:37 -IP : 127.0.0.1
2018-11-24 17:24:22.424 INFO [http-nio-8082-exec-7]com.tgc.aop.WebLogAspect.doAfterReturning:49 -RESPONSE : login
2018-11-24 17:24:22.426 INFO [http-nio-8082-exec-7]com.tgc.aop.WebLogAspect.doAfterReturning:50 -#####################请求结束####################
2018-11-24 17:24:26.184 INFO [http-nio-8082-exec-1]com.tgc.aop.WebLogAspect.doBefore:33 -#####################请求开始####################
2018-11-24 17:24:26.188 INFO [http-nio-8082-exec-1]com.tgc.aop.WebLogAspect.doBefore:35 -URL : http://localhost/tgc/login/do_login
2018-11-24 17:24:26.191 INFO [http-nio-8082-exec-1]com.tgc.aop.WebLogAspect.doBefore:36 -HTTP_METHOD : POST
2018-11-24 17:24:26.194 INFO [http-nio-8082-exec-1]com.tgc.aop.WebLogAspect.doBefore:37 -IP : 127.0.0.1
2018-11-24 17:24:26.197 INFO [http-nio-8082-exec-1]com.tgc.aop.WebLogAspect.doBefore:41 -name:{username},value:{admin}
2018-11-24 17:24:26.199 INFO [http-nio-8082-exec-1]com.tgc.aop.WebLogAspect.doBefore:41 -name:{password},value:{admin}
2018-11-24 17:24:28.079 ERROR[http-nio-8082-exec-1]com.tgc.exception.GlobalExceptionHandler.resultError:27 -CodeMsg [code=500214, msg=手机号不存在]
2018-11-24 17:24:33.007 INFO [http-nio-8081-exec-6]com.tgc.aop.WebLogAspect.doBefore:33 -#####################请求开始####################
2018-11-24 17:24:33.013 INFO [http-nio-8081-exec-6]com.tgc.aop.WebLogAspect.doBefore:35 -URL : http://localhost/tgc/user/list
2018-11-24 17:24:33.017 INFO [http-nio-8081-exec-6]com.tgc.aop.WebLogAspect.doBefore:36 -HTTP_METHOD : GET
2018-11-24 17:24:33.020 INFO [http-nio-8081-exec-6]com.tgc.aop.WebLogAspect.doBefore:37 -IP : 127.0.0.1
2018-11-24 17:24:33.993 INFO [http-nio-8081-exec-6]com.tgc.aop.WebLogAspect.doAfterReturning:49 -RESPONSE : ModelAndView: reference to view with name 'users'; model is {users=[com.tgc.entity.User@26407359, com.tgc.entity.User@33e6dff7]}
2018-11-24 17:24:33.998 INFO [http-nio-8081-exec-6]com.tgc.aop.WebLogAspect.doAfterReturning:50 -#####################请求结束####################
2018-11-24 17:24:38.273 INFO [http-nio-8080-exec-8]com.tgc.aop.WebLogAspect.doBefore:33 -#####################请求开始####################
2018-11-24 17:24:38.276 INFO [http-nio-8080-exec-8]com.tgc.aop.WebLogAspect.doBefore:35 -URL : http://localhost/tgc/login/do_login
2018-11-24 17:24:38.283 INFO [http-nio-8080-exec-8]com.tgc.aop.WebLogAspect.doBefore:36 -HTTP_METHOD : POST
2018-11-24 17:24:38.287 INFO [http-nio-8080-exec-8]com.tgc.aop.WebLogAspect.doBefore:37 -IP : 127.0.0.1
2018-11-24 17:24:38.289 INFO [http-nio-8080-exec-8]com.tgc.aop.WebLogAspect.doBefore:41 -name:{username},value:{admin}
2018-11-24 17:24:38.291 INFO [http-nio-8080-exec-8]com.tgc.aop.WebLogAspect.doBefore:41 -name:{password},value:{admin}
2018-11-24 17:24:39.288 ERROR[http-nio-8080-exec-8]com.tgc.exception.GlobalExceptionHandler.resultError:27 -CodeMsg [code=500214, msg=手机号不存在]
2018-11-24 17:25:30.598 INFO [http-nio-8080-exec-3]com.tgc.aop.WebLogAspect.doBefore:33 -#####################请求开始####################
2018-11-24 17:25:30.601 INFO [http-nio-8080-exec-3]com.tgc.aop.WebLogAspect.doBefore:35 -URL : http://localhost/tgc/index
2018-11-24 17:25:30.603 INFO [http-nio-8080-exec-3]com.tgc.aop.WebLogAspect.doBefore:36 -HTTP_METHOD : GET
2018-11-24 17:25:30.606 INFO [http-nio-8080-exec-3]com.tgc.aop.WebLogAspect.doBefore:37 -IP : 0:0:0:0:0:0:0:1
2018-11-24 17:25:30.608 INFO [http-nio-8080-exec-3]com.tgc.aop.WebLogAspect.doAfterReturning:49 -RESPONSE : index
2018-11-24 17:25:30.610 INFO [http-nio-8080-exec-3]com.tgc.aop.WebLogAspect.doAfterReturning:50 -#####################请求结束####################
2018-11-24 17:25:42.688 INFO [http-nio-8080-exec-9]com.tgc.aop.WebLogAspect.doBefore:33 -#####################请求开始####################
2018-11-24 17:25:42.690 INFO [http-nio-8080-exec-9]com.tgc.aop.WebLogAspect.doBefore:35 -URL : http://localhost/tgc/user/list
2018-11-24 17:25:42.693 INFO [http-nio-8080-exec-9]com.tgc.aop.WebLogAspect.doBefore:36 -HTTP_METHOD : GET
2018-11-24 17:25:42.695 INFO [http-nio-8080-exec-9]com.tgc.aop.WebLogAspect.doBefore:37 -IP : 0:0:0:0:0:0:0:1
2018-11-24 17:25:42.726 INFO [http-nio-8080-exec-9]com.tgc.aop.WebLogAspect.doAfterReturning:49 -RESPONSE : ModelAndView: reference to view with name 'users'; model is {users=[com.tgc.entity.User@1a40f240, com.tgc.entity.User@1eabccdb]}
2018-11-24 17:25:42.736 INFO [http-nio-8080-exec-9]com.tgc.aop.WebLogAspect.doAfterReturning:50 -#####################请求结束####################
2018-11-24 17:26:02.760 INFO [http-nio-8082-exec-7]com.tgc.aop.WebLogAspect.doBefore:33 -#####################请求开始####################
2018-11-24 17:26:02.763 INFO [http-nio-8082-exec-7]com.tgc.aop.WebLogAspect.doBefore:35 -URL : http://localhost/tgc/index
2018-11-24 17:26:02.765 INFO [http-nio-8082-exec-7]com.tgc.aop.WebLogAspect.doBefore:36 -HTTP_METHOD : GET
2018-11-24 17:26:02.767 INFO [http-nio-8082-exec-7]com.tgc.aop.WebLogAspect.doBefore:37 -IP : 127.0.0.1
2018-11-24 17:26:02.777 INFO [http-nio-8082-exec-7]com.tgc.aop.WebLogAspect.doAfterReturning:49 -RESPONSE : index
2018-11-24 17:26:02.781 INFO [http-nio-8082-exec-7]com.tgc.aop.WebLogAspect.doAfterReturning:50 -#####################请求结束####################
2018-11-24 17:26:03.961 INFO [http-nio-8082-exec-8]com.tgc.aop.WebLogAspect.doBefore:33 -#####################请求开始####################
2018-11-24 17:26:03.964 INFO [http-nio-8082-exec-8]com.tgc.aop.WebLogAspect.doBefore:35 -URL : http://localhost/tgc/login/logout
2018-11-24 17:26:03.967 INFO [http-nio-8082-exec-8]com.tgc.aop.WebLogAspect.doBefore:36 -HTTP_METHOD : GET
2018-11-24 17:26:03.969 INFO [http-nio-8082-exec-8]com.tgc.aop.WebLogAspect.doBefore:37 -IP : 0:0:0:0:0:0:0:1
2018-11-24 17:26:03.975 INFO [http-nio-8082-exec-8]com.tgc.aop.WebLogAspect.doAfterReturning:49 -RESPONSE : login
2018-11-24 17:26:03.987 INFO [http-nio-8082-exec-8]com.tgc.aop.WebLogAspect.doAfterReturning:50 -#####################请求结束####################
2018-11-24 17:26:07.150 INFO [http-nio-8080-exec-9]com.tgc.aop.WebLogAspect.doBefore:33 -#####################请求开始####################
2018-11-24 17:26:07.159 INFO [http-nio-8080-exec-9]com.tgc.aop.WebLogAspect.doBefore:35 -URL : http://localhost/tgc/login/do_login
2018-11-24 17:26:07.163 INFO [http-nio-8080-exec-9]com.tgc.aop.WebLogAspect.doBefore:36 -HTTP_METHOD : POST
2018-11-24 17:26:07.167 INFO [http-nio-8080-exec-9]com.tgc.aop.WebLogAspect.doBefore:37 -IP : 0:0:0:0:0:0:0:1
2018-11-24 17:26:07.170 INFO [http-nio-8080-exec-9]com.tgc.aop.WebLogAspect.doBefore:41 -name:{username},value:{tgc}
2018-11-24 17:26:07.173 INFO [http-nio-8080-exec-9]com.tgc.aop.WebLogAspect.doBefore:41 -name:{password},value:{123}
2018-11-24 17:26:07.178 INFO [http-nio-8080-exec-9]com.tgc.aop.WebLogAspect.doAfterReturning:49 -RESPONSE : com.tgc.controller.result.Result@21ea1f24
2018-11-24 17:26:07.180 INFO [http-nio-8080-exec-9]com.tgc.aop.WebLogAspect.doAfterReturning:50 -#####################请求结束####################
2018-11-24 17:26:07.401 INFO [http-nio-8081-exec-7]com.tgc.aop.WebLogAspect.doBefore:33 -#####################请求开始####################
2018-11-24 17:26:07.404 INFO [http-nio-8081-exec-7]com.tgc.aop.WebLogAspect.doBefore:35 -URL : http://localhost/tgc/index
2018-11-24 17:26:07.407 INFO [http-nio-8081-exec-7]com.tgc.aop.WebLogAspect.doBefore:36 -HTTP_METHOD : GET
2018-11-24 17:26:07.410 INFO [http-nio-8081-exec-7]com.tgc.aop.WebLogAspect.doBefore:37 -IP : 0:0:0:0:0:0:0:1
2018-11-24 17:26:07.420 INFO [http-nio-8081-exec-7]com.tgc.aop.WebLogAspect.doAfterReturning:49 -RESPONSE : index
2018-11-24 17:26:07.425 INFO [http-nio-8081-exec-7]com.tgc.aop.WebLogAspect.doAfterReturning:50 -#####################请求结束####################
2018-11-24 17:26:08.982 INFO [http-nio-8082-exec-9]com.tgc.aop.WebLogAspect.doBefore:33 -#####################请求开始####################
2018-11-24 17:26:08.985 INFO [http-nio-8082-exec-9]com.tgc.aop.WebLogAspect.doBefore:35 -URL : http://localhost/tgc/user/list
2018-11-24 17:26:08.987 INFO [http-nio-8082-exec-9]com.tgc.aop.WebLogAspect.doBefore:36 -HTTP_METHOD : GET
2018-11-24 17:26:08.989 INFO [http-nio-8082-exec-9]com.tgc.aop.WebLogAspect.doBefore:37 -IP : 127.0.0.1
2018-11-24 17:26:09.023 INFO [http-nio-8082-exec-9]com.tgc.aop.WebLogAspect.doAfterReturning:49 -RESPONSE : ModelAndView: reference to view with name 'users'; model is {users=[com.tgc.entity.User@28b77eb7, com.tgc.entity.User@2521c766]}
2018-11-24 17:26:09.031 INFO [http-nio-8082-exec-9]com.tgc.aop.WebLogAspect.doAfterReturning:50 -#####################请求结束####################
2018-11-24 17:26:11.320 INFO [http-nio-8081-exec-10]com.tgc.aop.WebLogAspect.doBefore:33 -#####################请求开始####################
2018-11-24 17:26:11.322 INFO [http-nio-8081-exec-10]com.tgc.aop.WebLogAspect.doBefore:35 -URL : http://localhost/tgc/index
2018-11-24 17:26:11.325 INFO [http-nio-8081-exec-10]com.tgc.aop.WebLogAspect.doBefore:36 -HTTP_METHOD : GET
2018-11-24 17:26:11.327 INFO [http-nio-8081-exec-10]com.tgc.aop.WebLogAspect.doBefore:37 -IP : 127.0.0.1
2018-11-24 17:26:11.330 INFO [http-nio-8081-exec-10]com.tgc.aop.WebLogAspect.doAfterReturning:49 -RESPONSE : index
2018-11-24 17:26:11.333 INFO [http-nio-8081-exec-10]com.tgc.aop.WebLogAspect.doAfterReturning:50 -#####################请求结束####################
2018-11-24 17:26:20.582 INFO [http-nio-8081-exec-5]com.tgc.aop.WebLogAspect.doBefore:33 -#####################请求开始####################
2018-11-24 17:26:20.585 INFO [http-nio-8081-exec-5]com.tgc.aop.WebLogAspect.doBefore:35 -URL : http://localhost/tgc/login/to_login
2018-11-24 17:26:20.588 INFO [http-nio-8081-exec-5]com.tgc.aop.WebLogAspect.doBefore:36 -HTTP_METHOD : GET
2018-11-24 17:26:20.590 INFO [http-nio-8081-exec-5]com.tgc.aop.WebLogAspect.doBefore:37 -IP : 0:0:0:0:0:0:0:1
2018-11-24 17:26:20.593 INFO [http-nio-8081-exec-5]com.tgc.aop.WebLogAspect.doAfterReturning:49 -RESPONSE : login
2018-11-24 17:26:20.595 INFO [http-nio-8081-exec-5]com.tgc.aop.WebLogAspect.doAfterReturning:50 -#####################请求结束####################
2018-11-24 17:26:25.773 INFO [http-nio-8082-exec-6]com.tgc.aop.WebLogAspect.doBefore:33 -#####################请求开始####################
2018-11-24 17:26:25.779 INFO [http-nio-8082-exec-6]com.tgc.aop.WebLogAspect.doBefore:35 -URL : http://localhost/tgc/login/do_login
2018-11-24 17:26:25.782 INFO [http-nio-8082-exec-6]com.tgc.aop.WebLogAspect.doBefore:36 -HTTP_METHOD : POST
2018-11-24 17:26:25.785 INFO [http-nio-8082-exec-6]com.tgc.aop.WebLogAspect.doBefore:37 -IP : 0:0:0:0:0:0:0:1
2018-11-24 17:26:25.787 INFO [http-nio-8082-exec-6]com.tgc.aop.WebLogAspect.doBefore:41 -name:{username},value:{test1}
2018-11-24 17:26:25.789 INFO [http-nio-8082-exec-6]com.tgc.aop.WebLogAspect.doBefore:41 -name:{password},value:{123}
2018-11-24 17:26:25.964 ERROR[http-nio-8082-exec-6]com.tgc.exception.GlobalExceptionHandler.resultError:27 -CodeMsg [code=500214, msg=手机号不存在]
2018-11-24 17:26:31.631 INFO [http-nio-8082-exec-7]com.tgc.aop.WebLogAspect.doBefore:33 -#####################请求开始####################
2018-11-24 17:26:31.634 INFO [http-nio-8082-exec-7]com.tgc.aop.WebLogAspect.doBefore:35 -URL : http://localhost/tgc/login/do_login
2018-11-24 17:26:31.637 INFO [http-nio-8082-exec-7]com.tgc.aop.WebLogAspect.doBefore:36 -HTTP_METHOD : POST
2018-11-24 17:26:31.640 INFO [http-nio-8082-exec-7]com.tgc.aop.WebLogAspect.doBefore:37 -IP : 127.0.0.1
2018-11-24 17:26:31.642 INFO [http-nio-8082-exec-7]com.tgc.aop.WebLogAspect.doBefore:41 -name:{username},value:{test1}
2018-11-24 17:26:31.646 INFO [http-nio-8082-exec-7]com.tgc.aop.WebLogAspect.doBefore:41 -name:{password},value:{123}
2018-11-24 17:26:31.804 ERROR[http-nio-8082-exec-7]com.tgc.exception.GlobalExceptionHandler.resultError:27 -CodeMsg [code=500214, msg=手机号不存在]
2018-11-24 17:26:35.533 INFO [http-nio-8082-exec-8]com.tgc.aop.WebLogAspect.doBefore:33 -#####################请求开始####################
2018-11-24 17:26:35.535 INFO [http-nio-8082-exec-8]com.tgc.aop.WebLogAspect.doBefore:35 -URL : http://localhost/tgc/user/list
2018-11-24 17:26:35.540 INFO [http-nio-8082-exec-8]com.tgc.aop.WebLogAspect.doBefore:36 -HTTP_METHOD : GET
2018-11-24 17:26:35.542 INFO [http-nio-8082-exec-8]com.tgc.aop.WebLogAspect.doBefore:37 -IP : 0:0:0:0:0:0:0:1
2018-11-24 17:26:35.548 INFO [http-nio-8082-exec-8]com.tgc.aop.WebLogAspect.doAfterReturning:49 -RESPONSE : ModelAndView: reference to view with name 'users'; model is {users=[com.tgc.entity.User@1acf70c1, com.tgc.entity.User@3d3b631d]}
2018-11-24 17:26:35.552 INFO [http-nio-8082-exec-8]com.tgc.aop.WebLogAspect.doAfterReturning:50 -#####################请求结束####################
2018-11-24 17:26:41.800 INFO [http-nio-8082-exec-9]com.tgc.aop.WebLogAspect.doBefore:33 -#####################请求开始####################
2018-11-24 17:26:41.803 INFO [http-nio-8082-exec-9]com.tgc.aop.WebLogAspect.doBefore:35 -URL : http://localhost/tgc/login/do_login
2018-11-24 17:26:41.806 INFO [http-nio-8082-exec-9]com.tgc.aop.WebLogAspect.doBefore:36 -HTTP_METHOD : POST
2018-11-24 17:26:41.811 INFO [http-nio-8082-exec-9]com.tgc.aop.WebLogAspect.doBefore:37 -IP : 127.0.0.1
2018-11-24 17:26:41.814 INFO [http-nio-8082-exec-9]com.tgc.aop.WebLogAspect.doBefore:41 -name:{username},value:{test1}
2018-11-24 17:26:41.816 INFO [http-nio-8082-exec-9]com.tgc.aop.WebLogAspect.doBefore:41 -name:{password},value:{123}
2018-11-24 17:26:41.982 ERROR[http-nio-8082-exec-9]com.tgc.exception.GlobalExceptionHandler.resultError:27 -CodeMsg [code=500214, msg=手机号不存在]
2018-11-24 17:28:41.406 INFO [http-nio-8082-exec-6]com.tgc.aop.WebLogAspect.doBefore:33 -#####################请求开始####################
2018-11-24 17:28:41.414 INFO [http-nio-8082-exec-6]com.tgc.aop.WebLogAspect.doBefore:35 -URL : http://localhost/tgc/login/do_login
2018-11-24 17:28:41.420 INFO [http-nio-8082-exec-6]com.tgc.aop.WebLogAspect.doBefore:36 -HTTP_METHOD : POST
2018-11-24 17:28:41.423 INFO [http-nio-8082-exec-6]com.tgc.aop.WebLogAspect.doBefore:37 -IP : 0:0:0:0:0:0:0:1
2018-11-24 17:28:41.428 INFO [http-nio-8082-exec-6]com.tgc.aop.WebLogAspect.doBefore:41 -name:{username},value:{test1}
2018-11-24 17:28:41.433 INFO [http-nio-8082-exec-6]com.tgc.aop.WebLogAspect.doBefore:41 -name:{password},value:{123}
2018-11-24 17:28:41.609 ERROR[http-nio-8082-exec-6]com.tgc.exception.GlobalExceptionHandler.resultError:27 -CodeMsg [code=500214, msg=手机号不存在]
2018-11-24 17:28:43.932 INFO [http-nio-8081-exec-9]com.tgc.aop.WebLogAspect.doBefore:33 -#####################请求开始####################
2018-11-24 17:28:43.937 INFO [http-nio-8081-exec-9]com.tgc.aop.WebLogAspect.doBefore:35 -URL : http://localhost/tgc/login/to_login
2018-11-24 17:28:43.941 INFO [http-nio-8081-exec-9]com.tgc.aop.WebLogAspect.doBefore:36 -HTTP_METHOD : GET
2018-11-24 17:28:43.943 INFO [http-nio-8081-exec-9]com.tgc.aop.WebLogAspect.doBefore:37 -IP : 127.0.0.1
2018-11-24 17:28:43.947 INFO [http-nio-8081-exec-9]com.tgc.aop.WebLogAspect.doAfterReturning:49 -RESPONSE : login
2018-11-24 17:28:43.950 INFO [http-nio-8081-exec-9]com.tgc.aop.WebLogAspect.doAfterReturning:50 -#####################请求结束####################
2018-11-24 17:28:50.092 INFO [http-nio-8080-exec-5]com.tgc.aop.WebLogAspect.doBefore:33 -#####################请求开始####################
2018-11-24 17:28:50.095 INFO [http-nio-8080-exec-5]com.tgc.aop.WebLogAspect.doBefore:35 -URL : http://localhost/tgc/login/to_login
2018-11-24 17:28:50.097 INFO [http-nio-8080-exec-5]com.tgc.aop.WebLogAspect.doBefore:36 -HTTP_METHOD : GET
2018-11-24 17:28:50.100 INFO [http-nio-8080-exec-5]com.tgc.aop.WebLogAspect.doBefore:37 -IP : 127.0.0.1
2018-11-24 17:28:50.103 INFO [http-nio-8080-exec-5]com.tgc.aop.WebLogAspect.doAfterReturning:49 -RESPONSE : login
2018-11-24 17:28:50.106 INFO [http-nio-8080-exec-5]com.tgc.aop.WebLogAspect.doAfterReturning:50 -#####################请求结束####################
2018-11-24 17:28:52.985 INFO [http-nio-8081-exec-3]com.tgc.aop.WebLogAspect.doBefore:33 -#####################请求开始####################
2018-11-24 17:28:52.990 INFO [http-nio-8081-exec-3]com.tgc.aop.WebLogAspect.doBefore:35 -URL : http://localhost/tgc/login/do_login
2018-11-24 17:28:52.992 INFO [http-nio-8081-exec-3]com.tgc.aop.WebLogAspect.doBefore:36 -HTTP_METHOD : POST
2018-11-24 17:28:52.998 INFO [http-nio-8081-exec-3]com.tgc.aop.WebLogAspect.doBefore:37 -IP : 0:0:0:0:0:0:0:1
2018-11-24 17:28:53.001 INFO [http-nio-8081-exec-3]com.tgc.aop.WebLogAspect.doBefore:41 -name:{username},value:{test1}
2018-11-24 17:28:53.003 INFO [http-nio-8081-exec-3]com.tgc.aop.WebLogAspect.doBefore:41 -name:{password},value:{123}
2018-11-24 17:28:53.267 ERROR[http-nio-8081-exec-3]com.tgc.exception.GlobalExceptionHandler.resultError:27 -CodeMsg [code=500214, msg=手机号不存在]
2018-11-24 17:30:21.313 INFO [http-nio-8082-exec-8]com.tgc.aop.WebLogAspect.doBefore:33 -#####################请求开始####################
2018-11-24 17:30:21.316 INFO [http-nio-8082-exec-8]com.tgc.aop.WebLogAspect.doBefore:35 -URL : http://localhost/tgc/login/do_login
2018-11-24 17:30:21.323 INFO [http-nio-8082-exec-8]com.tgc.aop.WebLogAspect.doBefore:36 -HTTP_METHOD : POST
2018-11-24 17:30:21.326 INFO [http-nio-8082-exec-8]com.tgc.aop.WebLogAspect.doBefore:37 -IP : 127.0.0.1
2018-11-24 17:30:21.329 INFO [http-nio-8082-exec-8]com.tgc.aop.WebLogAspect.doBefore:41 -name:{username},value:{test1}
2018-11-24 17:30:21.332 INFO [http-nio-8082-exec-8]com.tgc.aop.WebLogAspect.doBefore:41 -name:{password},value:{123}
2018-11-24 17:30:21.514 ERROR[http-nio-8082-exec-8]com.tgc.exception.GlobalExceptionHandler.resultError:27 -CodeMsg [code=500214, msg=手机号不存在]
2018-11-24 17:38:46.110 INFO [main]com.tgc.RunApp.logStarting:48 -Starting RunApp v0.0.1-SNAPSHOT on PC-20150308DPSB with PID 18576 (G:\project\thymeleaf_distribute\package\springboot-thymeleaf-learn.jar started by Administrator in G:\project\thymeleaf_distribute)
2018-11-24 17:38:46.148 INFO [main]com.tgc.RunApp.logStartupProfileInfo:593 -No active profile set, falling back to default profiles: default
2018-11-24 17:38:50.301 INFO [main]com.tgc.RunApp.logStarting:48 -Starting RunApp v0.0.1-SNAPSHOT on PC-20150308DPSB with PID 208 (G:\project\thymeleaf_distribute\package\springboot-thymeleaf-learn.jar started by Administrator in G:\project\thymeleaf_distribute)
2018-11-24 17:38:50.313 INFO [main]com.tgc.RunApp.logStartupProfileInfo:593 -No active profile set, falling back to default profiles: default
2018-11-24 17:38:55.727 INFO [main]com.tgc.RunApp.logStarting:48 -Starting RunApp v0.0.1-SNAPSHOT on PC-20150308DPSB with PID 15324 (G:\project\thymeleaf_distribute\package\springboot-thymeleaf-learn.jar started by Administrator in G:\project\thymeleaf_distribute)
2018-11-24 17:38:55.757 INFO [main]com.tgc.RunApp.logStartupProfileInfo:593 -No active profile set, falling back to default profiles: default
2018-11-24 17:39:02.449 INFO [localhost-startStop-1]com.tgc.config.DruidConfiguration.druidServlet:35 -init Druid Servlet Configuration 
2018-11-24 17:39:06.670 INFO [localhost-startStop-1]com.tgc.config.DruidConfiguration.druidServlet:35 -init Druid Servlet Configuration 
2018-11-24 17:39:15.560 INFO [main]com.tgc.RunApp.logStarted:57 -Started RunApp in 29.448 seconds (JVM running for 32.375)
2018-11-24 17:39:22.755 INFO [localhost-startStop-1]com.tgc.config.DruidConfiguration.druidServlet:35 -init Druid Servlet Configuration 
2018-11-24 17:39:27.337 INFO [main]com.tgc.RunApp.logStarted:57 -Started RunApp in 43.236 seconds (JVM running for 45.368)
2018-11-24 17:39:39.708 INFO [main]com.tgc.RunApp.logStarted:57 -Started RunApp in 46.83 seconds (JVM running for 51.812)
2018-11-24 17:39:47.954 INFO [http-nio-8080-exec-6]com.tgc.aop.WebLogAspect.doBefore:33 -#####################请求开始####################
2018-11-24 17:39:47.962 INFO [http-nio-8080-exec-6]com.tgc.aop.WebLogAspect.doBefore:35 -URL : http://localhost/tgc/login/to_login
2018-11-24 17:39:47.973 INFO [http-nio-8080-exec-6]com.tgc.aop.WebLogAspect.doBefore:36 -HTTP_METHOD : GET
2018-11-24 17:39:47.978 INFO [http-nio-8080-exec-6]com.tgc.aop.WebLogAspect.doBefore:37 -IP : 0:0:0:0:0:0:0:1
2018-11-24 17:39:48.000 INFO [http-nio-8080-exec-6]com.tgc.aop.WebLogAspect.doAfterReturning:49 -RESPONSE : login
2018-11-24 17:39:48.008 INFO [http-nio-8080-exec-6]com.tgc.aop.WebLogAspect.doAfterReturning:50 -#####################请求结束####################
2018-11-24 17:39:57.940 INFO [http-nio-8082-exec-4]com.tgc.aop.WebLogAspect.doBefore:33 -#####################请求开始####################
2018-11-24 17:39:57.943 INFO [http-nio-8082-exec-4]com.tgc.aop.WebLogAspect.doBefore:35 -URL : http://localhost/tgc/login/do_login
2018-11-24 17:39:57.946 INFO [http-nio-8082-exec-4]com.tgc.aop.WebLogAspect.doBefore:36 -HTTP_METHOD : POST
2018-11-24 17:39:57.951 INFO [http-nio-8082-exec-4]com.tgc.aop.WebLogAspect.doBefore:37 -IP : 127.0.0.1
2018-11-24 17:39:57.955 INFO [http-nio-8082-exec-4]com.tgc.aop.WebLogAspect.doBefore:41 -name:{username},value:{tgc}
2018-11-24 17:39:57.959 INFO [http-nio-8082-exec-4]com.tgc.aop.WebLogAspect.doBefore:41 -name:{password},value:{123}
2018-11-24 17:39:58.352 INFO [http-nio-8082-exec-4]com.tgc.aop.WebLogAspect.doAfterReturning:49 -RESPONSE : com.tgc.controller.result.Result@1978cd4
2018-11-24 17:39:58.357 INFO [http-nio-8082-exec-4]com.tgc.aop.WebLogAspect.doAfterReturning:50 -#####################请求结束####################
2018-11-24 17:39:59.414 INFO [http-nio-8080-exec-10]com.tgc.aop.WebLogAspect.doBefore:33 -#####################请求开始####################
2018-11-24 17:39:59.421 INFO [http-nio-8080-exec-10]com.tgc.aop.WebLogAspect.doBefore:35 -URL : http://localhost/tgc/index
2018-11-24 17:39:59.425 INFO [http-nio-8080-exec-10]com.tgc.aop.WebLogAspect.doBefore:36 -HTTP_METHOD : GET
2018-11-24 17:39:59.429 INFO [http-nio-8080-exec-10]com.tgc.aop.WebLogAspect.doBefore:37 -IP : 0:0:0:0:0:0:0:1
2018-11-24 17:39:59.442 INFO [http-nio-8080-exec-10]com.tgc.aop.WebLogAspect.doAfterReturning:49 -RESPONSE : index
2018-11-24 17:39:59.525 INFO [http-nio-8080-exec-10]com.tgc.aop.WebLogAspect.doAfterReturning:50 -#####################请求结束####################
2018-11-24 17:40:05.318 INFO [http-nio-8082-exec-5]com.tgc.aop.WebLogAspect.doBefore:33 -#####################请求开始####################
2018-11-24 17:40:05.321 INFO [http-nio-8082-exec-5]com.tgc.aop.WebLogAspect.doBefore:35 -URL : http://localhost/tgc/user/list
2018-11-24 17:40:05.324 INFO [http-nio-8082-exec-5]com.tgc.aop.WebLogAspect.doBefore:36 -HTTP_METHOD : GET
2018-11-24 17:40:05.327 INFO [http-nio-8082-exec-5]com.tgc.aop.WebLogAspect.doBefore:37 -IP : 0:0:0:0:0:0:0:1
2018-11-24 17:40:06.215 INFO [http-nio-8082-exec-5]com.tgc.aop.WebLogAspect.doAfterReturning:49 -RESPONSE : ModelAndView: reference to view with name 'users'; model is {users=[com.tgc.entity.User@58867ae, com.tgc.entity.User@3900747]}
2018-11-24 17:40:06.220 INFO [http-nio-8082-exec-5]com.tgc.aop.WebLogAspect.doAfterReturning:50 -#####################请求结束####################
2018-11-24 17:40:09.018 INFO [http-nio-8080-exec-8]com.tgc.aop.WebLogAspect.doBefore:33 -#####################请求开始####################
2018-11-24 17:40:09.024 INFO [http-nio-8080-exec-8]com.tgc.aop.WebLogAspect.doBefore:35 -URL : http://localhost/tgc/login/to_login
2018-11-24 17:40:09.036 INFO [http-nio-8080-exec-8]com.tgc.aop.WebLogAspect.doBefore:36 -HTTP_METHOD : GET
2018-11-24 17:40:09.040 INFO [http-nio-8080-exec-8]com.tgc.aop.WebLogAspect.doBefore:37 -IP : 0:0:0:0:0:0:0:1
2018-11-24 17:40:09.043 INFO [http-nio-8080-exec-8]com.tgc.aop.WebLogAspect.doAfterReturning:49 -RESPONSE : login
2018-11-24 17:40:09.049 INFO [http-nio-8080-exec-8]com.tgc.aop.WebLogAspect.doAfterReturning:50 -#####################请求结束####################
2018-11-24 17:40:13.360 INFO [http-nio-8081-exec-5]com.tgc.aop.WebLogAspect.doBefore:33 -#####################请求开始####################
2018-11-24 17:40:13.366 INFO [http-nio-8081-exec-5]com.tgc.aop.WebLogAspect.doBefore:35 -URL : http://localhost/tgc/login/do_login
2018-11-24 17:40:13.368 INFO [http-nio-8081-exec-5]com.tgc.aop.WebLogAspect.doBefore:36 -HTTP_METHOD : POST
2018-11-24 17:40:13.370 INFO [http-nio-8081-exec-5]com.tgc.aop.WebLogAspect.doBefore:37 -IP : 127.0.0.1
2018-11-24 17:40:13.373 INFO [http-nio-8081-exec-5]com.tgc.aop.WebLogAspect.doBefore:41 -name:{username},value:{yqz}
2018-11-24 17:40:13.376 INFO [http-nio-8081-exec-5]com.tgc.aop.WebLogAspect.doBefore:41 -name:{password},value:{123}
2018-11-24 17:40:13.656 INFO [http-nio-8081-exec-5]com.tgc.aop.WebLogAspect.doAfterReturning:49 -RESPONSE : com.tgc.controller.result.Result@5da2ef93
2018-11-24 17:40:13.659 INFO [http-nio-8081-exec-5]com.tgc.aop.WebLogAspect.doAfterReturning:50 -#####################请求结束####################
2018-11-24 17:40:13.828 INFO [http-nio-8082-exec-1]com.tgc.aop.WebLogAspect.doBefore:33 -#####################请求开始####################
2018-11-24 17:40:13.838 INFO [http-nio-8082-exec-1]com.tgc.aop.WebLogAspect.doBefore:35 -URL : http://localhost/tgc/index
2018-11-24 17:40:13.849 INFO [http-nio-8082-exec-1]com.tgc.aop.WebLogAspect.doBefore:36 -HTTP_METHOD : GET
2018-11-24 17:40:13.853 INFO [http-nio-8082-exec-1]com.tgc.aop.WebLogAspect.doBefore:37 -IP : 0:0:0:0:0:0:0:1
2018-11-24 17:40:13.878 INFO [http-nio-8082-exec-1]com.tgc.aop.WebLogAspect.doAfterReturning:49 -RESPONSE : index
2018-11-24 17:40:13.901 INFO [http-nio-8082-exec-1]com.tgc.aop.WebLogAspect.doAfterReturning:50 -#####################请求结束####################
